
==> python train_wikitext103.py --variant plain --seed 0 --output-json results/200step_largerdata_confirm/wikitext103_plain_seed0.json --dataset-name wikitext --dataset-config wikitext-103-raw-v1 --tokenizer EleutherAI/gpt-neox-20b --device cuda --dtype float32 --d-model 128 --n-layer 2 --d-state 32 --headdim 32 --expand 2 --block-size 128 --batch-size 2 --eval-batch-size 2 --max-train-steps 200 --max-eval-batches 10 --train-text-samples 500 --val-text-samples 200 --max-train-tokens 65536 --max-val-tokens 16384 --learning-rate 3e-4
[train] step=10 loss=10.8735
[train] step=20 loss=10.6255
[train] step=30 loss=10.1792
[train] step=40 loss=9.6193
[train] step=50 loss=9.2068
[train] step=60 loss=8.7185
[train] step=70 loss=8.3208
[train] step=80 loss=8.0128
[train] step=90 loss=7.5397
[train] step=100 loss=7.3336
[train] step=110 loss=6.6741
[train] step=120 loss=6.9471
[train] step=130 loss=6.8857
[train] step=140 loss=6.6068
[train] step=150 loss=6.4442
[train] step=160 loss=6.5305
[train] step=170 loss=6.7681
[train] step=180 loss=6.9895
[train] step=190 loss=6.4770
[train] step=200 loss=6.1594
{
  "variant": "plain",
  "seed": 0,
  "device": "cuda",
  "dtype": "float32",
  "block_size": 128,
  "batch_size": 2,
  "max_train_steps": 200,
  "parameter_count": 13088160,
  "train_loss": 7.904623010158539,
  "train_ppl": 2709.7807598005797,
  "train_tokens_per_second": 1577.4747553635725,
  "train_step_time_ms": 162.28468894958496,
  "val_loss": 7.827989625930786,
  "val_ppl": 2509.8785033910585,
  "eval_tokens_per_second": 85826.56499288604,
  "eval_step_time_ms": 2.982759475708008
}

==> python train_wikitext103.py --variant always_attention --seed 0 --output-json results/200step_largerdata_confirm/wikitext103_always_attention_seed0.json --dataset-name wikitext --dataset-config wikitext-103-raw-v1 --tokenizer EleutherAI/gpt-neox-20b --device cuda --dtype float32 --d-model 128 --n-layer 2 --d-state 32 --headdim 32 --expand 2 --block-size 128 --batch-size 2 --eval-batch-size 2 --max-train-steps 200 --max-eval-batches 10 --train-text-samples 500 --val-text-samples 200 --max-train-tokens 65536 --max-val-tokens 16384 --learning-rate 3e-4
[train] step=10 loss=10.9114
[train] step=20 loss=10.5377
[train] step=30 loss=10.0667
[train] step=40 loss=9.5516
[train] step=50 loss=9.0963
[train] step=60 loss=8.8926
[train] step=70 loss=8.3291
[train] step=80 loss=8.1648
[train] step=90 loss=7.6819
[train] step=100 loss=7.5621
[train] step=110 loss=7.0940
[train] step=120 loss=7.1743
[train] step=130 loss=7.1886
[train] step=140 loss=6.8574
[train] step=150 loss=6.8261
[train] step=160 loss=6.9334
[train] step=170 loss=7.1030
[train] step=180 loss=7.2599
[train] step=190 loss=6.8183
[train] step=200 loss=6.7218
{
  "variant": "always_attention",
  "seed": 0,
  "device": "cuda",
  "dtype": "float32",
  "block_size": 128,
  "batch_size": 2,
  "max_train_steps": 200,
  "parameter_count": 13220772,
  "train_loss": 8.126356711387634,
  "train_ppl": 3382.453833731708,
  "train_tokens_per_second": 1525.3501761876328,
  "train_step_time_ms": 167.83031463623047,
  "val_loss": 8.012765455245972,
  "val_ppl": 3019.2551933876716,
  "eval_tokens_per_second": 21971.614688097892,
  "eval_step_time_ms": 11.651396751403809,
  "num_layers_with_stats": 2.0,
  "mean_attention_trigger_rate": 1.0,
  "mean_active_fraction": 1.0,
  "mean_halted_fraction": 0.0,
  "mean_halt_step": 2.0,
  "mean_executed_steps": 2.0,
  "mean_halt_step_by_position": [
    2.0,
    2.0,
    2.0,
    2.0,
    2.0,
    2.0,
    2.0,
    2.0,
    2.0,
    2.0,
    2.0,
    2.0,
    2.0,
    2.0,
    2.0,
    2.0,
    2.0,
    2.0,
    2.0,
    2.0,
    2.0,
    2.0,
    2.0,
    2.0,
    2.0,
    2.0,
    2.0,
    2.0,
    2.0,
    2.0,
    2.0,
    2.0,
    2.0,
    2.0,
    2.0,
    2.0,
    2.0,
    2.0,
    2.0,
    2.0,
    2.0,
    2.0,
    2.0,
    2.0,
    2.0,
    2.0,
    2.0,
    2.0,
    2.0,
    2.0,
    2.0,
    2.0,
    2.0,
    2.0,
    2.0,
    2.0,
    2.0,
    2.0,
    2.0,
    2.0,
    2.0,
    2.0,
    2.0,
    2.0,
    2.0,
    2.0,
    2.0,
    2.0,
    2.0,
    2.0,
    2.0,
    2.0,
    2.0,
    2.0,
    2.0,
    2.0,
    2.0,
    2.0,
    2.0,
    2.0,
    2.0,
    2.0,
    2.0,
    2.0,
    2.0,
    2.0,
    2.0,
    2.0,
    2.0,
    2.0,
    2.0,
    2.0,
    2.0,
    2.0,
    2.0,
    2.0,
    2.0,
    2.0,
    2.0,
    2.0,
    2.0,
    2.0,
    2.0,
    2.0,
    2.0,
    2.0,
    2.0,
    2.0,
    2.0,
    2.0,
    2.0,
    2.0,
    2.0,
    2.0,
    2.0,
    2.0,
    2.0,
    2.0,
    2.0,
    2.0,
    2.0,
    2.0,
    2.0,
    2.0,
    2.0,
    2.0,
    2.0,
    2.0
  ],
  "halted_fraction_by_position": [
    0.0,
    0.0,
    0.0,
    0.0,
    0.0,
    0.0,
    0.0,
    0.0,
    0.0,
    0.0,
    0.0,
    0.0,
    0.0,
    0.0,
    0.0,
    0.0,
    0.0,
    0.0,
    0.0,
    0.0,
    0.0,
    0.0,
    0.0,
    0.0,
    0.0,
    0.0,
    0.0,
    0.0,
    0.0,
    0.0,
    0.0,
    0.0,
    0.0,
    0.0,
    0.0,
    0.0,
    0.0,
    0.0,
    0.0,
    0.0,
    0.0,
    0.0,
    0.0,
    0.0,
    0.0,
    0.0,
    0.0,
    0.0,
    0.0,
    0.0,
    0.0,
    0.0,
    0.0,
    0.0,
    0.0,
    0.0,
    0.0,
    0.0,
    0.0,
    0.0,
    0.0,
    0.0,
    0.0,
    0.0,
    0.0,
    0.0,
    0.0,
    0.0,
    0.0,
    0.0,
    0.0,
    0.0,
    0.0,
    0.0,
    0.0,
    0.0,
    0.0,
    0.0,
    0.0,
    0.0,
    0.0,
    0.0,
    0.0,
    0.0,
    0.0,
    0.0,
    0.0,
    0.0,
    0.0,
    0.0,
    0.0,
    0.0,
    0.0,
    0.0,
    0.0,
    0.0,
    0.0,
    0.0,
    0.0,
    0.0,
    0.0,
    0.0,
    0.0,
    0.0,
    0.0,
    0.0,
    0.0,
    0.0,
    0.0,
    0.0,
    0.0,
    0.0,
    0.0,
    0.0,
    0.0,
    0.0,
    0.0,
    0.0,
    0.0,
    0.0,
    0.0,
    0.0,
    0.0,
    0.0,
    0.0,
    0.0,
    0.0,
    0.0
  ]
}

==> python train_wikitext103.py --variant halting_only --halt-threshold 0.7 --seed 0 --output-json results/200step_largerdata_confirm/wikitext103_halting_only_h07_seed0.json --dataset-name wikitext --dataset-config wikitext-103-raw-v1 --tokenizer EleutherAI/gpt-neox-20b --device cuda --dtype float32 --d-model 128 --n-layer 2 --d-state 32 --headdim 32 --expand 2 --block-size 128 --batch-size 2 --eval-batch-size 2 --max-train-steps 200 --max-eval-batches 10 --train-text-samples 500 --val-text-samples 200 --max-train-tokens 65536 --max-val-tokens 16384 --learning-rate 3e-4
[train] step=10 loss=10.9299
[train] step=20 loss=10.8863
[train] step=30 loss=10.6725
[train] step=40 loss=10.1283
[train] step=50 loss=9.6941
[train] step=60 loss=9.1971
[train] step=70 loss=8.7360
[train] step=80 loss=8.5619
[train] step=90 loss=7.9018
[train] step=100 loss=7.6896
[train] step=110 loss=7.1665
[train] step=120 loss=7.2309
[train] step=130 loss=7.2394
[train] step=140 loss=6.9098
[train] step=150 loss=6.8836
[train] step=160 loss=6.8957
[train] step=170 loss=7.1452
[train] step=180 loss=7.2503
[train] step=190 loss=6.8678
[train] step=200 loss=6.7058
{
  "variant": "halting_only",
  "seed": 0,
  "device": "cuda",
  "dtype": "float32",
  "block_size": 128,
  "batch_size": 2,
  "max_train_steps": 200,
  "parameter_count": 13088676,
  "train_loss": 8.312361242771148,
  "train_ppl": 4073.921152503444,
  "train_tokens_per_second": 1594.5295732542302,
  "train_step_time_ms": 160.5489194393158,
  "val_loss": 8.088263845443725,
  "val_ppl": 3256.029689389493,
  "eval_tokens_per_second": 30259.204617188203,
  "eval_step_time_ms": 8.460235595703125,
  "num_layers_with_stats": 2.0,
  "mean_attention_trigger_rate": 0.0,
  "mean_active_fraction": 0.9716796875,
  "mean_halted_fraction": 0.0283203125,
  "mean_halt_step": 1.975390625,
  "mean_executed_steps": 2.0,
  "mean_halt_step_by_position": [
    1.9500000476837158,
    1.9249999523162842,
    1.975000023841858,
    1.9500000476837158,
    2.0,
    1.9500000476837158,
    1.9500000476837158,
    1.9500000476837158,
    1.975000023841858,
    1.975000023841858,
    1.9500000476837158,
    1.975000023841858,
    2.0,
    2.0,
    2.0,
    1.975000023841858,
    2.0,
    2.0,
    1.9500000476837158,
    2.0,
    1.9500000476837158,
    2.0,
    1.975000023841858,
    2.0,
    1.975000023841858,
    1.9500000476837158,
    2.0,
    2.0,
    1.975000023841858,
    1.9249999523162842,
    1.975000023841858,
    2.0,
    1.975000023841858,
    2.0,
    1.9249999523162842,
    2.0,
    1.9500000476837158,
    1.9500000476837158,
    1.975000023841858,
    1.9500000476837158,
    1.975000023841858,
    1.975000023841858,
    1.975000023841858,
    1.975000023841858,
    1.9500000476837158,
    1.9249999523162842,
    1.9500000476837158,
    2.0,
    2.0,
    2.0,
    1.975000023841858,
    1.899999976158142,
    1.975000023841858,
    1.9500000476837158,
    1.9500000476837158,
    2.0,
    2.0,
    2.0,
    1.975000023841858,
    2.0,
    1.975000023841858,
    1.975000023841858,
    1.975000023841858,
    2.0,
    2.0,
    2.0,
    1.975000023841858,
    1.9500000476837158,
    1.9500000476837158,
    1.975000023841858,
    1.9500000476837158,
    2.0,
    2.0,
    1.9500000476837158,
    2.0,
    2.0,
    1.9500000476837158,
    2.0,
    1.975000023841858,
    1.975000023841858,
    1.9500000476837158,
    2.0,
    1.975000023841858,
    1.9500000476837158,
    2.0,
    1.975000023841858,
    1.9249999523162842,
    1.975000023841858,
    1.975000023841858,
    1.9500000476837158,
    1.9500000476837158,
    1.975000023841858,
    1.975000023841858,
    2.0,
    2.0,
    1.9500000476837158,
    2.0,
    1.975000023841858,
    2.0,
    1.975000023841858,
    2.0,
    1.9249999523162842,
    2.0,
    1.975000023841858,
    2.0,
    1.975000023841858,
    2.0,
    1.9500000476837158,
    2.0,
    1.9500000476837158,
    1.975000023841858,
    2.0,
    2.0,
    2.0,
    2.0,
    1.899999976158142,
    1.975000023841858,
    2.0,
    1.975000023841858,
    1.975000023841858,
    1.975000023841858,
    2.0,
    1.9500000476837158,
    2.0,
    1.975000023841858,
    2.0,
    1.975000023841858,
    2.0
  ],
  "halted_fraction_by_position": [
    0.05000000074505806,
    0.07500000298023224,
    0.02500000037252903,
    0.05000000074505806,
    0.0,
    0.05000000074505806,
    0.05000000074505806,
    0.05000000074505806,
    0.02500000037252903,
    0.02500000037252903,
    0.05000000074505806,
    0.02500000037252903,
    0.0,
    0.0,
    0.0,
    0.02500000037252903,
    0.0,
    0.0,
    0.05000000074505806,
    0.0,
    0.0625,
    0.0,
    0.05000000074505806,
    0.0,
    0.02500000037252903,
    0.05000000074505806,
    0.012500000186264515,
    0.0,
    0.02500000037252903,
    0.07500000298023224,
    0.02500000037252903,
    0.0,
    0.02500000037252903,
    0.012500000186264515,
    0.08749999850988388,
    0.0,
    0.05000000074505806,
    0.05000000074505806,
    0.02500000037252903,
    0.05000000074505806,
    0.03750000149011612,
    0.02500000037252903,
    0.03750000149011612,
    0.02500000037252903,
    0.05000000074505806,
    0.07500000298023224,
    0.05000000074505806,
    0.0,
    0.0,
    0.012500000186264515,
    0.02500000037252903,
    0.10000000149011612,
    0.02500000037252903,
    0.05000000074505806,
    0.05000000074505806,
    0.0,
    0.02500000037252903,
    0.02500000037252903,
    0.02500000037252903,
    0.0,
    0.02500000037252903,
    0.02500000037252903,
    0.02500000037252903,
    0.0,
    0.0,
    0.0,
    0.03750000149011612,
    0.05000000074505806,
    0.05000000074505806,
    0.02500000037252903,
    0.05000000074505806,
    0.0,
    0.0,
    0.05000000074505806,
    0.0,
    0.012500000186264515,
    0.0625,
    0.012500000186264515,
    0.03750000149011612,
    0.02500000037252903,
    0.05000000074505806,
    0.0,
    0.02500000037252903,
    0.05000000074505806,
    0.0,
    0.02500000037252903,
    0.07500000298023224,
    0.02500000037252903,
    0.03750000149011612,
    0.05000000074505806,
    0.05000000074505806,
    0.02500000037252903,
    0.02500000037252903,
    0.012500000186264515,
    0.0,
    0.0625,
    0.0,
    0.02500000037252903,
    0.03750000149011612,
    0.02500000037252903,
    0.0,
    0.07500000298023224,
    0.0,
    0.02500000037252903,
    0.0,
    0.02500000037252903,
    0.0,
    0.05000000074505806,
    0.02500000037252903,
    0.05000000074505806,
    0.02500000037252903,
    0.0,
    0.0,
    0.02500000037252903,
    0.0,
    0.11249999701976776,
    0.05000000074505806,
    0.0,
    0.02500000037252903,
    0.03750000149011612,
    0.0625,
    0.0,
    0.05000000074505806,
    0.0,
    0.05000000074505806,
    0.0,
    0.02500000037252903,
    0.012500000186264515
  ]
}

==> python train_wikitext103.py --variant full --halt-threshold 0.7 --router-threshold 0.5 --router-temperature 1.0 --seed 0 --output-json results/200step_largerdata_confirm/wikitext103_full_h07_seed0.json --dataset-name wikitext --dataset-config wikitext-103-raw-v1 --tokenizer EleutherAI/gpt-neox-20b --device cuda --dtype float32 --d-model 128 --n-layer 2 --d-state 32 --headdim 32 --expand 2 --block-size 128 --batch-size 2 --eval-batch-size 2 --max-train-steps 200 --max-eval-batches 10 --train-text-samples 500 --val-text-samples 200 --max-train-tokens 65536 --max-val-tokens 16384 --learning-rate 3e-4
[train] step=10 loss=10.9967
[train] step=20 loss=10.8352
[train] step=30 loss=10.7582
[train] step=40 loss=10.3779
[train] step=50 loss=10.0843
[train] step=60 loss=9.5919
[train] step=70 loss=8.9407
[train] step=80 loss=8.6625
[train] step=90 loss=8.2423
[train] step=100 loss=7.9122
[train] step=110 loss=7.4071
[train] step=120 loss=7.3637
[train] step=130 loss=7.2894
[train] step=140 loss=7.0434
[train] step=150 loss=6.9339
[train] step=160 loss=6.8941
[train] step=170 loss=7.1442
[train] step=180 loss=7.2364
[train] step=190 loss=6.8310
[train] step=200 loss=6.6809
{
  "variant": "full",
  "seed": 0,
  "device": "cuda",
  "dtype": "float32",
  "block_size": 128,
  "batch_size": 2,
  "max_train_steps": 200,
  "parameter_count": 13220772,
  "train_loss": 8.432972447872162,
  "train_ppl": 4596.141599901815,
  "train_tokens_per_second": 1586.3756134648008,
  "train_step_time_ms": 161.3741397857666,
  "val_loss": 8.03519778251648,
  "val_ppl": 3087.749484958268,
  "eval_tokens_per_second": 30257.925565640824,
  "eval_step_time_ms": 8.460593223571777,
  "num_layers_with_stats": 2.0,
  "mean_attention_trigger_rate": 0.0,
  "mean_active_fraction": 0.410546875,
  "mean_halted_fraction": 0.589453125,
  "mean_halt_step": 1.60703125,
  "mean_executed_steps": 2.0,
  "mean_halt_step_by_position": [
    1.7000000476837158,
    1.75,
    1.625,
    1.625,
    1.5499999523162842,
    1.5,
    1.475000023841858,
    1.5499999523162842,
    1.600000023841858,
    1.600000023841858,
    1.524999976158142,
    1.5,
    1.5499999523162842,
    1.5750000476837158,
    1.625,
    1.524999976158142,
    1.625,
    1.625,
    1.625,
    1.600000023841858,
    1.5499999523162842,
    1.5750000476837158,
    1.5750000476837158,
    1.7000000476837158,
    1.5750000476837158,
    1.625,
    1.5750000476837158,
    1.625,
    1.5,
    1.5499999523162842,
    1.5750000476837158,
    1.524999976158142,
    1.625,
    1.600000023841858,
    1.5499999523162842,
    1.625,
    1.7000000476837158,
    1.649999976158142,
    1.524999976158142,
    1.649999976158142,
    1.524999976158142,
    1.649999976158142,
    1.5750000476837158,
    1.524999976158142,
    1.600000023841858,
    1.5499999523162842,
    1.475000023841858,
    1.5,
    1.5750000476837158,
    1.5499999523162842,
    1.524999976158142,
    1.649999976158142,
    1.5750000476837158,
    1.649999976158142,
    1.600000023841858,
    1.5,
    1.5499999523162842,
    1.6749999523162842,
    1.6749999523162842,
    1.649999976158142,
    1.5499999523162842,
    1.475000023841858,
    1.649999976158142,
    1.5499999523162842,
    1.600000023841858,
    1.524999976158142,
    1.600000023841858,
    1.600000023841858,
    1.625,
    1.625,
    1.725000023841858,
    1.600000023841858,
    1.600000023841858,
    1.6749999523162842,
    1.649999976158142,
    1.625,
    1.600000023841858,
    1.600000023841858,
    1.625,
    1.625,
    1.649999976158142,
    1.524999976158142,
    1.5499999523162842,
    1.5750000476837158,
    1.649999976158142,
    1.600000023841858,
    1.625,
    1.6749999523162842,
    1.5750000476837158,
    1.524999976158142,
    1.649999976158142,
    1.725000023841858,
    1.5750000476837158,
    1.625,
    1.625,
    1.649999976158142,
    1.6749999523162842,
    1.625,
    1.600000023841858,
    1.625,
    1.5750000476837158,
    1.600000023841858,
    1.625,
    1.625,
    1.6749999523162842,
    1.625,
    1.625,
    1.649999976158142,
    1.625,
    1.649999976158142,
    1.600000023841858,
    1.6749999523162842,
    1.6749999523162842,
    1.625,
    1.7000000476837158,
    1.725000023841858,
    1.625,
    1.649999976158142,
    1.6749999523162842,
    1.625,
    1.6749999523162842,
    1.6749999523162842,
    1.7000000476837158,
    1.6749999523162842,
    1.625,
    1.7000000476837158,
    1.600000023841858,
    1.5499999523162842
  ],
  "halted_fraction_by_position": [
    0.30000001192092896,
    0.25,
    0.4124999940395355,
    0.4749999940395355,
    0.5,
    0.574999988079071,
    0.612500011920929,
    0.5375000238418579,
    0.512499988079071,
    0.574999988079071,
    0.5874999761581421,
    0.612500011920929,
    0.5874999761581421,
    0.5625,
    0.637499988079071,
    0.612500011920929,
    0.512499988079071,
    0.5874999761581421,
    0.574999988079071,
    0.5874999761581421,
    0.612500011920929,
    0.625,
    0.5874999761581421,
    0.5375000238418579,
    0.574999988079071,
    0.5874999761581421,
    0.625,
    0.5874999761581421,
    0.625,
    0.612500011920929,
    0.5625,
    0.675000011920929,
    0.5375000238418579,
    0.550000011920929,
    0.574999988079071,
    0.5874999761581421,
    0.512499988079071,
    0.574999988079071,
    0.612500011920929,
    0.6000000238418579,
    0.6625000238418579,
    0.5625,
    0.625,
    0.6000000238418579,
    0.5874999761581421,
    0.625,
    0.625,
    0.699999988079071,
    0.637499988079071,
    0.6499999761581421,
    0.637499988079071,
    0.5874999761581421,
    0.6000000238418579,
    0.612500011920929,
    0.5625,
    0.6875,
    0.625,
    0.550000011920929,
    0.574999988079071,
    0.574999988079071,
    0.5874999761581421,
    0.637499988079071,
    0.612500011920929,
    0.6000000238418579,
    0.625,
    0.625,
    0.637499988079071,
    0.612500011920929,
    0.5874999761581421,
    0.612500011920929,
    0.550000011920929,
    0.625,
    0.6625000238418579,
    0.5625,
    0.5249999761581421,
    0.6000000238418579,
    0.612500011920929,
    0.625,
    0.612500011920929,
    0.612500011920929,
    0.6000000238418579,
    0.612500011920929,
    0.5874999761581421,
    0.625,
    0.6000000238418579,
    0.5874999761581421,
    0.5874999761581421,
    0.574999988079071,
    0.625,
    0.625,
    0.612500011920929,
    0.574999988079071,
    0.550000011920929,
    0.574999988079071,
    0.574999988079071,
    0.6000000238418579,
    0.5625,
    0.625,
    0.625,
    0.5874999761581421,
    0.625,
    0.6000000238418579,
    0.6000000238418579,
    0.612500011920929,
    0.6000000238418579,
    0.637499988079071,
    0.612500011920929,
    0.612500011920929,
    0.612500011920929,
    0.5625,
    0.6499999761581421,
    0.5874999761581421,
    0.574999988079071,
    0.6000000238418579,
    0.550000011920929,
    0.574999988079071,
    0.612500011920929,
    0.574999988079071,
    0.5874999761581421,
    0.550000011920929,
    0.625,
    0.6000000238418579,
    0.5375000238418579,
    0.5874999761581421,
    0.612500011920929,
    0.5625,
    0.625,
    0.6625000238418579
  ]
}

==> python train_wikitext103.py --variant plain --seed 1 --output-json results/200step_largerdata_confirm/wikitext103_plain_seed1.json --dataset-name wikitext --dataset-config wikitext-103-raw-v1 --tokenizer EleutherAI/gpt-neox-20b --device cuda --dtype float32 --d-model 128 --n-layer 2 --d-state 32 --headdim 32 --expand 2 --block-size 128 --batch-size 2 --eval-batch-size 2 --max-train-steps 200 --max-eval-batches 10 --train-text-samples 500 --val-text-samples 200 --max-train-tokens 65536 --max-val-tokens 16384 --learning-rate 3e-4
[train] step=10 loss=10.9051
[train] step=20 loss=10.6258
[train] step=30 loss=10.2408
[train] step=40 loss=9.6440
[train] step=50 loss=9.2223
[train] step=60 loss=8.7101
[train] step=70 loss=8.2658
[train] step=80 loss=8.1929
[train] step=90 loss=7.6760
[train] step=100 loss=7.3873
[train] step=110 loss=6.8736
[train] step=120 loss=6.7854
[train] step=130 loss=7.0487
[train] step=140 loss=6.7647
[train] step=150 loss=6.5988
[train] step=160 loss=7.0069
[train] step=170 loss=6.1279
[train] step=180 loss=6.6291
[train] step=190 loss=6.6967
[train] step=200 loss=5.9524
{
  "variant": "plain",
  "seed": 1,
  "device": "cuda",
  "dtype": "float32",
  "block_size": 128,
  "batch_size": 2,
  "max_train_steps": 200,
  "parameter_count": 13088160,
  "train_loss": 7.928143486976624,
  "train_ppl": 2774.2715493367596,
  "train_tokens_per_second": 1735.9280261865463,
  "train_step_time_ms": 147.4715518951416,
  "val_loss": 7.790444374084473,
  "val_ppl": 2417.391569716847,
  "eval_tokens_per_second": 86877.23608942254,
  "eval_step_time_ms": 2.9466867446899414
}

==> python train_wikitext103.py --variant always_attention --seed 1 --output-json results/200step_largerdata_confirm/wikitext103_always_attention_seed1.json --dataset-name wikitext --dataset-config wikitext-103-raw-v1 --tokenizer EleutherAI/gpt-neox-20b --device cuda --dtype float32 --d-model 128 --n-layer 2 --d-state 32 --headdim 32 --expand 2 --block-size 128 --batch-size 2 --eval-batch-size 2 --max-train-steps 200 --max-eval-batches 10 --train-text-samples 500 --val-text-samples 200 --max-train-tokens 65536 --max-val-tokens 16384 --learning-rate 3e-4
[train] step=10 loss=10.7194
[train] step=20 loss=10.1913
[train] step=30 loss=10.0156
[train] step=40 loss=nan
[train] step=50 loss=nan
[train] step=60 loss=nan
[train] step=70 loss=nan
[train] step=80 loss=nan
[train] step=90 loss=nan
[train] step=100 loss=nan
[train] step=110 loss=nan
[train] step=120 loss=nan
[train] step=130 loss=nan
[train] step=140 loss=nan
[train] step=150 loss=nan
[train] step=160 loss=nan
[train] step=170 loss=nan
[train] step=180 loss=nan
[train] step=190 loss=nan
[train] step=200 loss=nan
{
  "variant": "always_attention",
  "seed": 1,
  "device": "cuda",
  "dtype": "float32",
  "block_size": 128,
  "batch_size": 2,
  "max_train_steps": 200,
  "parameter_count": 13220772,
  "train_loss": NaN,
  "train_ppl": NaN,
  "train_tokens_per_second": 1559.2024893352823,
  "train_step_time_ms": 164.18650031089783,
  "val_loss": NaN,
  "val_ppl": NaN,
  "eval_tokens_per_second": 33929.02969345935,
  "eval_step_time_ms": 7.545161247253418,
  "num_layers_with_stats": 2.0,
  "mean_attention_trigger_rate": 0.0,
  "mean_active_fraction": 1.0,
  "mean_halted_fraction": 0.0,
  "mean_halt_step": 2.0,
  "mean_executed_steps": 2.0,
  "mean_halt_step_by_position": [
    2.0,
    2.0,
    2.0,
    2.0,
    2.0,
    2.0,
    2.0,
    2.0,
    2.0,
    2.0,
    2.0,
    2.0,
    2.0,
    2.0,
    2.0,
    2.0,
    2.0,
    2.0,
    2.0,
    2.0,
    2.0,
    2.0,
    2.0,
    2.0,
    2.0,
    2.0,
    2.0,
    2.0,
    2.0,
    2.0,
    2.0,
    2.0,
    2.0,
    2.0,
    2.0,
    2.0,
    2.0,
    2.0,
    2.0,
    2.0,
    2.0,
    2.0,
    2.0,
    2.0,
    2.0,
    2.0,
    2.0,
    2.0,
    2.0,
    2.0,
    2.0,
    2.0,
    2.0,
    2.0,
    2.0,
    2.0,
    2.0,
    2.0,
    2.0,
    2.0,
    2.0,
    2.0,
    2.0,
    2.0,
    2.0,
    2.0,
    2.0,
    2.0,
    2.0,
    2.0,
    2.0,
    2.0,
    2.0,
    2.0,
    2.0,
    2.0,
    2.0,
    2.0,
    2.0,
    2.0,
    2.0,
    2.0,
    2.0,
    2.0,
    2.0,
    2.0,
    2.0,
    2.0,
    2.0,
    2.0,
    2.0,
    2.0,
    2.0,
    2.0,
    2.0,
    2.0,
    2.0,
    2.0,
    2.0,
    2.0,
    2.0,
    2.0,
    2.0,
    2.0,
    2.0,
    2.0,
    2.0,
    2.0,
    2.0,
    2.0,
    2.0,
    2.0,
    2.0,
    2.0,
    2.0,
    2.0,
    2.0,
    2.0,
    2.0,
    2.0,
    2.0,
    2.0,
    2.0,
    2.0,
    2.0,
    2.0,
    2.0,
    2.0
  ],
  "halted_fraction_by_position": [
    0.0,
    0.0,
    0.0,
    0.0,
    0.0,
    0.0,
    0.0,
    0.0,
    0.0,
    0.0,
    0.0,
    0.0,
    0.0,
    0.0,
    0.0,
    0.0,
    0.0,
    0.0,
    0.0,
    0.0,
    0.0,
    0.0,
    0.0,
    0.0,
    0.0,
    0.0,
    0.0,
    0.0,
    0.0,
    0.0,
    0.0,
    0.0,
    0.0,
    0.0,
    0.0,
    0.0,
    0.0,
    0.0,
    0.0,
    0.0,
    0.0,
    0.0,
    0.0,
    0.0,
    0.0,
    0.0,
    0.0,
    0.0,
    0.0,
    0.0,
    0.0,
    0.0,
    0.0,
    0.0,
    0.0,
    0.0,
    0.0,
    0.0,
    0.0,
    0.0,
    0.0,
    0.0,
    0.0,
    0.0,
    0.0,
    0.0,
    0.0,
    0.0,
    0.0,
    0.0,
    0.0,
    0.0,
    0.0,
    0.0,
    0.0,
    0.0,
    0.0,
    0.0,
    0.0,
    0.0,
    0.0,
    0.0,
    0.0,
    0.0,
    0.0,
    0.0,
    0.0,
    0.0,
    0.0,
    0.0,
    0.0,
    0.0,
    0.0,
    0.0,
    0.0,
    0.0,
    0.0,
    0.0,
    0.0,
    0.0,
    0.0,
    0.0,
    0.0,
    0.0,
    0.0,
    0.0,
    0.0,
    0.0,
    0.0,
    0.0,
    0.0,
    0.0,
    0.0,
    0.0,
    0.0,
    0.0,
    0.0,
    0.0,
    0.0,
    0.0,
    0.0,
    0.0,
    0.0,
    0.0,
    0.0,
    0.0,
    0.0,
    0.0
  ]
}

==> python train_wikitext103.py --variant halting_only --halt-threshold 0.7 --seed 1 --output-json results/200step_largerdata_confirm/wikitext103_halting_only_h07_seed1.json --dataset-name wikitext --dataset-config wikitext-103-raw-v1 --tokenizer EleutherAI/gpt-neox-20b --device cuda --dtype float32 --d-model 128 --n-layer 2 --d-state 32 --headdim 32 --expand 2 --block-size 128 --batch-size 2 --eval-batch-size 2 --max-train-steps 200 --max-eval-batches 10 --train-text-samples 500 --val-text-samples 200 --max-train-tokens 65536 --max-val-tokens 16384 --learning-rate 3e-4
[train] step=10 loss=10.9285
[train] step=20 loss=10.8475
[train] step=30 loss=10.6819
[train] step=40 loss=10.2480
[train] step=50 loss=9.8426
[train] step=60 loss=9.3539
[train] step=70 loss=8.8226
[train] step=80 loss=8.4512
[train] step=90 loss=8.0797
[train] step=100 loss=7.6792
[train] step=110 loss=7.2291
[train] step=120 loss=6.9719
[train] step=130 loss=7.2679
[train] step=140 loss=7.0316
[train] step=150 loss=6.9037
[train] step=160 loss=7.2244
[train] step=170 loss=6.4933
[train] step=180 loss=6.9347
[train] step=190 loss=6.9341
[train] step=200 loss=6.3436
{
  "variant": "halting_only",
  "seed": 1,
  "device": "cuda",
  "dtype": "float32",
  "block_size": 128,
  "batch_size": 2,
  "max_train_steps": 200,
  "parameter_count": 13088676,
  "train_loss": 8.287876086235046,
  "train_ppl": 3975.381853447756,
  "train_tokens_per_second": 1566.5952400791382,
  "train_step_time_ms": 163.411705493927,
  "val_loss": 8.012484931945801,
  "val_ppl": 3018.4083407432663,
  "eval_tokens_per_second": 30293.77993076461,
  "eval_step_time_ms": 8.450579643249512,
  "num_layers_with_stats": 2.0,
  "mean_attention_trigger_rate": 0.0,
  "mean_active_fraction": 0.94755859375,
  "mean_halted_fraction": 0.05244140625,
  "mean_halt_step": 1.9697265625,
  "mean_executed_steps": 2.0,
  "mean_halt_step_by_position": [
    1.9249999523162842,
    1.899999976158142,
    2.0,
    1.9500000476837158,
    1.9249999523162842,
    1.9249999523162842,
    1.9500000476837158,
    1.975000023841858,
    2.0,
    2.0,
    1.9500000476837158,
    1.9249999523162842,
    1.975000023841858,
    1.975000023841858,
    1.9500000476837158,
    1.975000023841858,
    2.0,
    2.0,
    1.975000023841858,
    1.9249999523162842,
    1.9249999523162842,
    1.975000023841858,
    1.9500000476837158,
    1.975000023841858,
    1.9500000476837158,
    1.975000023841858,
    2.0,
    2.0,
    2.0,
    1.9249999523162842,
    1.9249999523162842,
    1.9500000476837158,
    2.0,
    1.9500000476837158,
    2.0,
    2.0,
    2.0,
    1.975000023841858,
    1.9500000476837158,
    1.9249999523162842,
    2.0,
    1.975000023841858,
    2.0,
    2.0,
    2.0,
    1.975000023841858,
    1.975000023841858,
    1.975000023841858,
    1.9500000476837158,
    1.975000023841858,
    1.975000023841858,
    2.0,
    1.9500000476837158,
    2.0,
    1.9500000476837158,
    2.0,
    2.0,
    1.9500000476837158,
    2.0,
    2.0,
    1.899999976158142,
    1.975000023841858,
    1.975000023841858,
    2.0,
    1.975000023841858,
    1.9500000476837158,
    1.975000023841858,
    1.975000023841858,
    2.0,
    2.0,
    1.9500000476837158,
    1.9500000476837158,
    2.0,
    1.9500000476837158,
    1.9500000476837158,
    1.975000023841858,
    1.975000023841858,
    2.0,
    2.0,
    1.975000023841858,
    1.899999976158142,
    1.975000023841858,
    1.9500000476837158,
    2.0,
    1.9500000476837158,
    1.9500000476837158,
    2.0,
    1.899999976158142,
    2.0,
    1.9500000476837158,
    2.0,
    2.0,
    1.9500000476837158,
    1.9249999523162842,
    2.0,
    1.975000023841858,
    2.0,
    1.975000023841858,
    1.975000023841858,
    1.975000023841858,
    1.9249999523162842,
    2.0,
    1.975000023841858,
    1.975000023841858,
    1.899999976158142,
    1.9249999523162842,
    1.9249999523162842,
    1.9500000476837158,
    2.0,
    1.9249999523162842,
    2.0,
    1.975000023841858,
    1.975000023841858,
    2.0,
    2.0,
    2.0,
    2.0,
    1.975000023841858,
    2.0,
    2.0,
    1.975000023841858,
    1.9500000476837158,
    2.0,
    1.9249999523162842,
    2.0,
    1.9249999523162842,
    1.9249999523162842,
    2.0
  ],
  "halted_fraction_by_position": [
    0.07500000298023224,
    0.10000000149011612,
    0.0,
    0.05000000074505806,
    0.07500000298023224,
    0.07500000298023224,
    0.05000000074505806,
    0.02500000037252903,
    0.0,
    0.0,
    0.05000000074505806,
    0.08749999850988388,
    0.02500000037252903,
    0.03750000149011612,
    0.05000000074505806,
    0.03750000149011612,
    0.0,
    0.0,
    0.02500000037252903,
    0.08749999850988388,
    0.10000000149011612,
    0.02500000037252903,
    0.0625,
    0.02500000037252903,
    0.05000000074505806,
    0.02500000037252903,
    0.02500000037252903,
    0.02500000037252903,
    0.012500000186264515,
    0.07500000298023224,
    0.10000000149011612,
    0.08749999850988388,
    0.03750000149011612,
    0.10000000149011612,
    0.012500000186264515,
    0.02500000037252903,
    0.02500000037252903,
    0.0625,
    0.07500000298023224,
    0.08749999850988388,
    0.012500000186264515,
    0.02500000037252903,
    0.02500000037252903,
    0.0,
    0.03750000149011612,
    0.0625,
    0.03750000149011612,
    0.05000000074505806,
    0.05000000074505806,
    0.05000000074505806,
    0.03750000149011612,
    0.012500000186264515,
    0.08749999850988388,
    0.012500000186264515,
    0.05000000074505806,
    0.03750000149011612,
    0.0,
    0.0625,
    0.012500000186264515,
    0.02500000037252903,
    0.11249999701976776,
    0.08749999850988388,
    0.02500000037252903,
    0.012500000186264515,
    0.03750000149011612,
    0.0625,
    0.03750000149011612,
    0.03750000149011612,
    0.0,
    0.02500000037252903,
    0.08749999850988388,
    0.11249999701976776,
    0.0,
    0.11249999701976776,
    0.05000000074505806,
    0.05000000074505806,
    0.03750000149011612,
    0.02500000037252903,
    0.03750000149011612,
    0.03750000149011612,
    0.1875,
    0.05000000074505806,
    0.05000000074505806,
    0.0,
    0.07500000298023224,
    0.08749999850988388,
    0.02500000037252903,
    0.13750000298023224,
    0.08749999850988388,
    0.0625,
    0.02500000037252903,
    0.0,
    0.10000000149011612,
    0.16249999403953552,
    0.0,
    0.03750000149011612,
    0.012500000186264515,
    0.03750000149011612,
    0.10000000149011612,
    0.10000000149011612,
    0.07500000298023224,
    0.02500000037252903,
    0.02500000037252903,
    0.07500000298023224,
    0.11249999701976776,
    0.08749999850988388,
    0.10000000149011612,
    0.0625,
    0.03750000149011612,
    0.10000000149011612,
    0.07500000298023224,
    0.05000000074505806,
    0.02500000037252903,
    0.0625,
    0.012500000186264515,
    0.02500000037252903,
    0.07500000298023224,
    0.08749999850988388,
    0.02500000037252903,
    0.02500000037252903,
    0.10000000149011612,
    0.10000000149011612,
    0.02500000037252903,
    0.15000000596046448,
    0.0625,
    0.10000000149011612,
    0.07500000298023224,
    0.03750000149011612
  ]
}

==> python train_wikitext103.py --variant full --halt-threshold 0.7 --router-threshold 0.5 --router-temperature 1.0 --seed 1 --output-json results/200step_largerdata_confirm/wikitext103_full_h07_seed1.json --dataset-name wikitext --dataset-config wikitext-103-raw-v1 --tokenizer EleutherAI/gpt-neox-20b --device cuda --dtype float32 --d-model 128 --n-layer 2 --d-state 32 --headdim 32 --expand 2 --block-size 128 --batch-size 2 --eval-batch-size 2 --max-train-steps 200 --max-eval-batches 10 --train-text-samples 500 --val-text-samples 200 --max-train-tokens 65536 --max-val-tokens 16384 --learning-rate 3e-4
[train] step=10 loss=10.9387
[train] step=20 loss=10.7988
[train] step=30 loss=10.3937
[train] step=40 loss=9.9264
[train] step=50 loss=9.4618
[train] step=60 loss=9.0464
[train] step=70 loss=8.5217
[train] step=80 loss=8.4263
[train] step=90 loss=7.9963
[train] step=100 loss=7.6207
[train] step=110 loss=7.1856
[train] step=120 loss=7.0239
[train] step=130 loss=7.2867
[train] step=140 loss=7.1647
[train] step=150 loss=6.9235
[train] step=160 loss=7.3660
[train] step=170 loss=6.7593
[train] step=180 loss=7.0797
[train] step=190 loss=7.0916
[train] step=200 loss=6.5155
{
  "variant": "full",
  "seed": 1,
  "device": "cuda",
  "dtype": "float32",
  "block_size": 128,
  "batch_size": 2,
  "max_train_steps": 200,
  "parameter_count": 13220772,
  "train_loss": 8.260505299568177,
  "train_ppl": 3868.048129804067,
  "train_tokens_per_second": 1516.3180706666794,
  "train_step_time_ms": 168.83001327514648,
  "val_loss": 8.101136493682862,
  "val_ppl": 3298.2143458429755,
  "eval_tokens_per_second": 27295.837629521167,
  "eval_step_time_ms": 9.378719329833984,
  "num_layers_with_stats": 2.0,
  "mean_attention_trigger_rate": 0.85,
  "mean_active_fraction": 0.67333984375,
  "mean_halted_fraction": 0.32666015625,
  "mean_halt_step": 1.895703125,
  "mean_executed_steps": 2.0,
  "mean_halt_step_by_position": [
    1.975000023841858,
    1.9500000476837158,
    1.9500000476837158,
    1.975000023841858,
    1.9249999523162842,
    1.9249999523162842,
    2.0,
    2.0,
    1.975000023841858,
    1.975000023841858,
    1.9249999523162842,
    1.975000023841858,
    1.9500000476837158,
    2.0,
    1.9249999523162842,
    1.899999976158142,
    1.975000023841858,
    2.0,
    1.975000023841858,
    1.9249999523162842,
    1.975000023841858,
    1.975000023841858,
    1.9249999523162842,
    1.9500000476837158,
    1.9500000476837158,
    1.9500000476837158,
    1.9500000476837158,
    2.0,
    1.9249999523162842,
    1.9249999523162842,
    1.975000023841858,
    1.975000023841858,
    1.899999976158142,
    1.9500000476837158,
    1.899999976158142,
    1.8250000476837158,
    1.899999976158142,
    1.899999976158142,
    1.9500000476837158,
    1.875,
    1.899999976158142,
    1.9500000476837158,
    1.850000023841858,
    1.9249999523162842,
    1.850000023841858,
    1.875,
    1.899999976158142,
    1.875,
    1.899999976158142,
    1.9249999523162842,
    1.9249999523162842,
    1.899999976158142,
    1.9249999523162842,
    1.899999976158142,
    1.9500000476837158,
    1.9500000476837158,
    1.899999976158142,
    1.875,
    1.774999976158142,
    1.9500000476837158,
    1.9249999523162842,
    1.8250000476837158,
    1.875,
    1.850000023841858,
    1.899999976158142,
    1.899999976158142,
    1.875,
    1.850000023841858,
    1.850000023841858,
    1.9500000476837158,
    1.975000023841858,
    1.9500000476837158,
    1.850000023841858,
    1.875,
    1.9500000476837158,
    1.975000023841858,
    1.9249999523162842,
    1.899999976158142,
    1.850000023841858,
    1.899999976158142,
    1.7999999523162842,
    1.8250000476837158,
    1.875,
    1.875,
    1.9500000476837158,
    1.850000023841858,
    1.899999976158142,
    1.8250000476837158,
    1.7999999523162842,
    1.899999976158142,
    1.899999976158142,
    1.899999976158142,
    1.8250000476837158,
    1.8250000476837158,
    1.8250000476837158,
    1.7000000476837158,
    1.875,
    1.875,
    1.7999999523162842,
    1.850000023841858,
    1.7999999523162842,
    1.8250000476837158,
    1.899999976158142,
    1.875,
    1.899999976158142,
    1.7999999523162842,
    1.875,
    1.7999999523162842,
    1.850000023841858,
    1.850000023841858,
    1.899999976158142,
    1.774999976158142,
    1.8250000476837158,
    1.850000023841858,
    1.9500000476837158,
    1.875,
    1.725000023841858,
    1.8250000476837158,
    1.774999976158142,
    1.899999976158142,
    1.850000023841858,
    1.875,
    1.875,
    1.850000023841858,
    1.899999976158142,
    1.899999976158142,
    1.8250000476837158,
    1.899999976158142
  ],
  "halted_fraction_by_position": [
    0.2750000059604645,
    0.30000001192092896,
    0.30000001192092896,
    0.2750000059604645,
    0.3125,
    0.3125,
    0.25,
    0.25,
    0.2750000059604645,
    0.2750000059604645,
    0.32499998807907104,
    0.2750000059604645,
    0.2874999940395355,
    0.25,
    0.3125,
    0.3375000059604645,
    0.25,
    0.25,
    0.2750000059604645,
    0.32499998807907104,
    0.26249998807907104,
    0.2750000059604645,
    0.3125,
    0.2750000059604645,
    0.2874999940395355,
    0.2874999940395355,
    0.30000001192092896,
    0.23749999701976776,
    0.3125,
    0.30000001192092896,
    0.26249998807907104,
    0.2874999940395355,
    0.32499998807907104,
    0.30000001192092896,
    0.3125,
    0.36250001192092896,
    0.32499998807907104,
    0.32499998807907104,
    0.2750000059604645,
    0.36250001192092896,
    0.3375000059604645,
    0.2874999940395355,
    0.36250001192092896,
    0.30000001192092896,
    0.3499999940395355,
    0.375,
    0.3125,
    0.32499998807907104,
    0.3375000059604645,
    0.30000001192092896,
    0.3125,
    0.32499998807907104,
    0.30000001192092896,
    0.3125,
    0.2874999940395355,
    0.3125,
    0.30000001192092896,
    0.32499998807907104,
    0.375,
    0.2874999940395355,
    0.32499998807907104,
    0.375,
    0.3125,
    0.375,
    0.30000001192092896,
    0.32499998807907104,
    0.3375000059604645,
    0.3499999940395355,
    0.3375000059604645,
    0.30000001192092896,
    0.2874999940395355,
    0.3125,
    0.3375000059604645,
    0.3375000059604645,
    0.30000001192092896,
    0.2750000059604645,
    0.3375000059604645,
    0.3499999940395355,
    0.36250001192092896,
    0.32499998807907104,
    0.36250001192092896,
    0.38749998807907104,
    0.3125,
    0.3375000059604645,
    0.2874999940395355,
    0.3375000059604645,
    0.3375000059604645,
    0.38749998807907104,
    0.375,
    0.3375000059604645,
    0.3375000059604645,
    0.3375000059604645,
    0.36250001192092896,
    0.375,
    0.36250001192092896,
    0.4375,
    0.3375000059604645,
    0.32499998807907104,
    0.375,
    0.3499999940395355,
    0.38749998807907104,
    0.38749998807907104,
    0.3375000059604645,
    0.32499998807907104,
    0.3375000059604645,
    0.36250001192092896,
    0.3375000059604645,
    0.375,
    0.38749998807907104,
    0.36250001192092896,
    0.32499998807907104,
    0.36250001192092896,
    0.375,
    0.375,
    0.3125,
    0.3499999940395355,
    0.42500001192092896,
    0.375,
    0.375,
    0.3375000059604645,
    0.3499999940395355,
    0.375,
    0.3499999940395355,
    0.375,
    0.36250001192092896,
    0.3375000059604645,
    0.375,
    0.32499998807907104
  ]
}

==> python train_wikitext103.py --variant plain --seed 2 --output-json results/200step_largerdata_confirm/wikitext103_plain_seed2.json --dataset-name wikitext --dataset-config wikitext-103-raw-v1 --tokenizer EleutherAI/gpt-neox-20b --device cuda --dtype float32 --d-model 128 --n-layer 2 --d-state 32 --headdim 32 --expand 2 --block-size 128 --batch-size 2 --eval-batch-size 2 --max-train-steps 200 --max-eval-batches 10 --train-text-samples 500 --val-text-samples 200 --max-train-tokens 65536 --max-val-tokens 16384 --learning-rate 3e-4
[train] step=10 loss=10.6920
[train] step=20 loss=10.6535
[train] step=30 loss=10.4556
[train] step=40 loss=10.0794
[train] step=50 loss=9.5640
[train] step=60 loss=8.5304
[train] step=70 loss=8.3579
[train] step=80 loss=8.0626
[train] step=90 loss=7.9765
[train] step=100 loss=7.6154
[train] step=110 loss=6.9985
[train] step=120 loss=6.4659
[train] step=130 loss=6.7226
[train] step=140 loss=6.4694
[train] step=150 loss=6.3175
[train] step=160 loss=6.7072
[train] step=170 loss=6.6263
[train] step=180 loss=5.9850
[train] step=190 loss=6.4290
[train] step=200 loss=6.2282
{
  "variant": "plain",
  "seed": 2,
  "device": "cuda",
  "dtype": "float32",
  "block_size": 128,
  "batch_size": 2,
  "max_train_steps": 200,
  "parameter_count": 13088160,
  "train_loss": 7.982295291423798,
  "train_ppl": 2928.6454501823905,
  "train_tokens_per_second": 1694.4021953623128,
  "train_step_time_ms": 151.0857343673706,
  "val_loss": 7.819058752059936,
  "val_ppl": 2487.562892325182,
  "eval_tokens_per_second": 76185.40237551264,
  "eval_step_time_ms": 3.3602237701416016
}

==> python train_wikitext103.py --variant always_attention --seed 2 --output-json results/200step_largerdata_confirm/wikitext103_always_attention_seed2.json --dataset-name wikitext --dataset-config wikitext-103-raw-v1 --tokenizer EleutherAI/gpt-neox-20b --device cuda --dtype float32 --d-model 128 --n-layer 2 --d-state 32 --headdim 32 --expand 2 --block-size 128 --batch-size 2 --eval-batch-size 2 --max-train-steps 200 --max-eval-batches 10 --train-text-samples 500 --val-text-samples 200 --max-train-tokens 65536 --max-val-tokens 16384 --learning-rate 3e-4
[train] step=10 loss=10.8221
[train] step=20 loss=10.2713
[train] step=30 loss=9.8736
[train] step=40 loss=9.4162
[train] step=50 loss=9.0997
[train] step=60 loss=8.4045
[train] step=70 loss=8.2441
[train] step=80 loss=7.9542
[train] step=90 loss=8.0491
[train] step=100 loss=7.6460
[train] step=110 loss=7.1272
[train] step=120 loss=6.9885
[train] step=130 loss=7.1238
[train] step=140 loss=6.7771
[train] step=150 loss=6.7659
[train] step=160 loss=7.0648
[train] step=170 loss=6.9713
[train] step=180 loss=6.5882
[train] step=190 loss=6.9792
[train] step=200 loss=6.9294
{
  "variant": "always_attention",
  "seed": 2,
  "device": "cuda",
  "dtype": "float32",
  "block_size": 128,
  "batch_size": 2,
  "max_train_steps": 200,
  "parameter_count": 13220772,
  "train_loss": 8.051929879188538,
  "train_ppl": 3139.8486565461762,
  "train_tokens_per_second": 1545.5221399009808,
  "train_step_time_ms": 165.63981413841248,
  "val_loss": 8.132718181610107,
  "val_ppl": 3404.039799517597,
  "eval_tokens_per_second": 28255.471511425956,
  "eval_step_time_ms": 9.060192108154297,
  "num_layers_with_stats": 2.0,
  "mean_attention_trigger_rate": 1.0,
  "mean_active_fraction": 1.0,
  "mean_halted_fraction": 0.0,
  "mean_halt_step": 2.0,
  "mean_executed_steps": 2.0,
  "mean_halt_step_by_position": [
    2.0,
    2.0,
    2.0,
    2.0,
    2.0,
    2.0,
    2.0,
    2.0,
    2.0,
    2.0,
    2.0,
    2.0,
    2.0,
    2.0,
    2.0,
    2.0,
    2.0,
    2.0,
    2.0,
    2.0,
    2.0,
    2.0,
    2.0,
    2.0,
    2.0,
    2.0,
    2.0,
    2.0,
    2.0,
    2.0,
    2.0,
    2.0,
    2.0,
    2.0,
    2.0,
    2.0,
    2.0,
    2.0,
    2.0,
    2.0,
    2.0,
    2.0,
    2.0,
    2.0,
    2.0,
    2.0,
    2.0,
    2.0,
    2.0,
    2.0,
    2.0,
    2.0,
    2.0,
    2.0,
    2.0,
    2.0,
    2.0,
    2.0,
    2.0,
    2.0,
    2.0,
    2.0,
    2.0,
    2.0,
    2.0,
    2.0,
    2.0,
    2.0,
    2.0,
    2.0,
    2.0,
    2.0,
    2.0,
    2.0,
    2.0,
    2.0,
    2.0,
    2.0,
    2.0,
    2.0,
    2.0,
    2.0,
    2.0,
    2.0,
    2.0,
    2.0,
    2.0,
    2.0,
    2.0,
    2.0,
    2.0,
    2.0,
    2.0,
    2.0,
    2.0,
    2.0,
    2.0,
    2.0,
    2.0,
    2.0,
    2.0,
    2.0,
    2.0,
    2.0,
    2.0,
    2.0,
    2.0,
    2.0,
    2.0,
    2.0,
    2.0,
    2.0,
    2.0,
    2.0,
    2.0,
    2.0,
    2.0,
    2.0,
    2.0,
    2.0,
    2.0,
    2.0,
    2.0,
    2.0,
    2.0,
    2.0,
    2.0,
    2.0
  ],
  "halted_fraction_by_position": [
    0.0,
    0.0,
    0.0,
    0.0,
    0.0,
    0.0,
    0.0,
    0.0,
    0.0,
    0.0,
    0.0,
    0.0,
    0.0,
    0.0,
    0.0,
    0.0,
    0.0,
    0.0,
    0.0,
    0.0,
    0.0,
    0.0,
    0.0,
    0.0,
    0.0,
    0.0,
    0.0,
    0.0,
    0.0,
    0.0,
    0.0,
    0.0,
    0.0,
    0.0,
    0.0,
    0.0,
    0.0,
    0.0,
    0.0,
    0.0,
    0.0,
    0.0,
    0.0,
    0.0,
    0.0,
    0.0,
    0.0,
    0.0,
    0.0,
    0.0,
    0.0,
    0.0,
    0.0,
    0.0,
    0.0,
    0.0,
    0.0,
    0.0,
    0.0,
    0.0,
    0.0,
    0.0,
    0.0,
    0.0,
    0.0,
    0.0,
    0.0,
    0.0,
    0.0,
    0.0,
    0.0,
    0.0,
    0.0,
    0.0,
    0.0,
    0.0,
    0.0,
    0.0,
    0.0,
    0.0,
    0.0,
    0.0,
    0.0,
    0.0,
    0.0,
    0.0,
    0.0,
    0.0,
    0.0,
    0.0,
    0.0,
    0.0,
    0.0,
    0.0,
    0.0,
    0.0,
    0.0,
    0.0,
    0.0,
    0.0,
    0.0,
    0.0,
    0.0,
    0.0,
    0.0,
    0.0,
    0.0,
    0.0,
    0.0,
    0.0,
    0.0,
    0.0,
    0.0,
    0.0,
    0.0,
    0.0,
    0.0,
    0.0,
    0.0,
    0.0,
    0.0,
    0.0,
    0.0,
    0.0,
    0.0,
    0.0,
    0.0,
    0.0
  ]
}

==> python train_wikitext103.py --variant halting_only --halt-threshold 0.7 --seed 2 --output-json results/200step_largerdata_confirm/wikitext103_halting_only_h07_seed2.json --dataset-name wikitext --dataset-config wikitext-103-raw-v1 --tokenizer EleutherAI/gpt-neox-20b --device cuda --dtype float32 --d-model 128 --n-layer 2 --d-state 32 --headdim 32 --expand 2 --block-size 128 --batch-size 2 --eval-batch-size 2 --max-train-steps 200 --max-eval-batches 10 --train-text-samples 500 --val-text-samples 200 --max-train-tokens 65536 --max-val-tokens 16384 --learning-rate 3e-4
[train] step=10 loss=10.9758
[train] step=20 loss=10.7167
[train] step=30 loss=10.5261
[train] step=40 loss=9.9401
[train] step=50 loss=9.5176
[train] step=60 loss=9.1285
[train] step=70 loss=8.6146
[train] step=80 loss=8.3002
[train] step=90 loss=8.3003
[train] step=100 loss=7.8969
[train] step=110 loss=7.3219
[train] step=120 loss=7.0245
[train] step=130 loss=7.2171
[train] step=140 loss=6.7778
[train] step=150 loss=6.9117
[train] step=160 loss=7.1144
[train] step=170 loss=6.9322
[train] step=180 loss=6.4140
[train] step=190 loss=6.9289
[train] step=200 loss=6.8402
{
  "variant": "halting_only",
  "seed": 2,
  "device": "cuda",
  "dtype": "float32",
  "block_size": 128,
  "batch_size": 2,
  "max_train_steps": 200,
  "parameter_count": 13088676,
  "train_loss": 8.273302230834961,
  "train_ppl": 3917.8653497846212,
  "train_tokens_per_second": 1610.6552854860042,
  "train_step_time_ms": 158.9415204524994,
  "val_loss": 8.058416557312011,
  "val_ppl": 3160.2820448962975,
  "eval_tokens_per_second": 32576.327759034975,
  "eval_step_time_ms": 7.858467102050782,
  "num_layers_with_stats": 2.0,
  "mean_attention_trigger_rate": 0.0,
  "mean_active_fraction": 0.58740234375,
  "mean_halted_fraction": 0.41259765625,
  "mean_halt_step": 1.7748046875,
  "mean_executed_steps": 2.0,
  "mean_halt_step_by_position": [
    1.899999976158142,
    1.850000023841858,
    1.9500000476837158,
    1.875,
    1.9500000476837158,
    1.875,
    1.899999976158142,
    1.9249999523162842,
    1.850000023841858,
    1.850000023841858,
    1.9249999523162842,
    1.875,
    1.850000023841858,
    1.774999976158142,
    1.875,
    1.850000023841858,
    1.875,
    1.7999999523162842,
    1.774999976158142,
    1.899999976158142,
    1.7999999523162842,
    1.875,
    1.75,
    1.7999999523162842,
    1.774999976158142,
    1.774999976158142,
    1.774999976158142,
    1.725000023841858,
    1.774999976158142,
    1.725000023841858,
    1.75,
    1.8250000476837158,
    1.850000023841858,
    1.8250000476837158,
    1.8250000476837158,
    1.850000023841858,
    1.7999999523162842,
    1.7999999523162842,
    1.6749999523162842,
    1.8250000476837158,
    1.899999976158142,
    1.8250000476837158,
    1.75,
    1.774999976158142,
    1.7000000476837158,
    1.850000023841858,
    1.774999976158142,
    1.649999976158142,
    1.774999976158142,
    1.75,
    1.774999976158142,
    1.774999976158142,
    1.774999976158142,
    1.7999999523162842,
    1.75,
    1.725000023841858,
    1.625,
    1.774999976158142,
    1.75,
    1.7000000476837158,
    1.850000023841858,
    1.6749999523162842,
    1.774999976158142,
    1.774999976158142,
    1.850000023841858,
    1.850000023841858,
    1.7000000476837158,
    1.7000000476837158,
    1.774999976158142,
    1.8250000476837158,
    1.850000023841858,
    1.75,
    1.7000000476837158,
    1.75,
    1.7999999523162842,
    1.75,
    1.7000000476837158,
    1.6749999523162842,
    1.774999976158142,
    1.6749999523162842,
    1.774999976158142,
    1.774999976158142,
    1.649999976158142,
    1.75,
    1.75,
    1.8250000476837158,
    1.725000023841858,
    1.7000000476837158,
    1.774999976158142,
    1.850000023841858,
    1.75,
    1.7000000476837158,
    1.725000023841858,
    1.649999976158142,
    1.75,
    1.8250000476837158,
    1.75,
    1.7999999523162842,
    1.6749999523162842,
    1.875,
    1.7999999523162842,
    1.725000023841858,
    1.774999976158142,
    1.725000023841858,
    1.774999976158142,
    1.649999976158142,
    1.774999976158142,
    1.7000000476837158,
    1.75,
    1.7999999523162842,
    1.725000023841858,
    1.725000023841858,
    1.7999999523162842,
    1.75,
    1.75,
    1.625,
    1.75,
    1.725000023841858,
    1.7000000476837158,
    1.7000000476837158,
    1.6749999523162842,
    1.625,
    1.725000023841858,
    1.649999976158142,
    1.75,
    1.75,
    1.875,
    1.7000000476837158
  ],
  "halted_fraction_by_position": [
    0.17499999701976776,
    0.26249998807907104,
    0.1875,
    0.3125,
    0.25,
    0.30000001192092896,
    0.3125,
    0.2874999940395355,
    0.36250001192092896,
    0.36250001192092896,
    0.3125,
    0.32499998807907104,
    0.36250001192092896,
    0.4375,
    0.3499999940395355,
    0.36250001192092896,
    0.3375000059604645,
    0.4000000059604645,
    0.4124999940395355,
    0.3375000059604645,
    0.4124999940395355,
    0.3499999940395355,
    0.42500001192092896,
    0.375,
    0.4375,
    0.38749998807907104,
    0.375,
    0.44999998807907104,
    0.38749998807907104,
    0.5,
    0.44999998807907104,
    0.4000000059604645,
    0.3499999940395355,
    0.42500001192092896,
    0.375,
    0.3499999940395355,
    0.38749998807907104,
    0.4124999940395355,
    0.512499988079071,
    0.375,
    0.36250001192092896,
    0.3499999940395355,
    0.4375,
    0.44999998807907104,
    0.42500001192092896,
    0.375,
    0.4375,
    0.4625000059604645,
    0.375,
    0.4000000059604645,
    0.4000000059604645,
    0.4000000059604645,
    0.4749999940395355,
    0.42500001192092896,
    0.38749998807907104,
    0.4749999940395355,
    0.5249999761581421,
    0.44999998807907104,
    0.4625000059604645,
    0.4749999940395355,
    0.4375,
    0.4625000059604645,
    0.4124999940395355,
    0.4000000059604645,
    0.36250001192092896,
    0.36250001192092896,
    0.4749999940395355,
    0.5,
    0.4000000059604645,
    0.36250001192092896,
    0.375,
    0.4375,
    0.4625000059604645,
    0.42500001192092896,
    0.38749998807907104,
    0.44999998807907104,
    0.4749999940395355,
    0.4625000059604645,
    0.4000000059604645,
    0.4625000059604645,
    0.375,
    0.4000000059604645,
    0.44999998807907104,
    0.42500001192092896,
    0.4749999940395355,
    0.3375000059604645,
    0.5,
    0.48750001192092896,
    0.4625000059604645,
    0.38749998807907104,
    0.42500001192092896,
    0.4749999940395355,
    0.4625000059604645,
    0.512499988079071,
    0.4000000059604645,
    0.4000000059604645,
    0.4124999940395355,
    0.42500001192092896,
    0.5,
    0.3499999940395355,
    0.42500001192092896,
    0.4375,
    0.42500001192092896,
    0.48750001192092896,
    0.4124999940395355,
    0.48750001192092896,
    0.42500001192092896,
    0.42500001192092896,
    0.42500001192092896,
    0.4124999940395355,
    0.42500001192092896,
    0.4375,
    0.4124999940395355,
    0.42500001192092896,
    0.4625000059604645,
    0.4749999940395355,
    0.44999998807907104,
    0.4625000059604645,
    0.5,
    0.42500001192092896,
    0.4625000059604645,
    0.5249999761581421,
    0.5,
    0.4625000059604645,
    0.42500001192092896,
    0.42500001192092896,
    0.38749998807907104,
    0.4749999940395355
  ]
}

==> python train_wikitext103.py --variant full --halt-threshold 0.7 --router-threshold 0.5 --router-temperature 1.0 --seed 2 --output-json results/200step_largerdata_confirm/wikitext103_full_h07_seed2.json --dataset-name wikitext --dataset-config wikitext-103-raw-v1 --tokenizer EleutherAI/gpt-neox-20b --device cuda --dtype float32 --d-model 128 --n-layer 2 --d-state 32 --headdim 32 --expand 2 --block-size 128 --batch-size 2 --eval-batch-size 2 --max-train-steps 200 --max-eval-batches 10 --train-text-samples 500 --val-text-samples 200 --max-train-tokens 65536 --max-val-tokens 16384 --learning-rate 3e-4
[train] step=10 loss=10.8912
[train] step=20 loss=10.8768
[train] step=30 loss=10.5380
[train] step=40 loss=9.9310
[train] step=50 loss=9.5705
[train] step=60 loss=8.7868
[train] step=70 loss=8.4869
[train] step=80 loss=8.1549
[train] step=90 loss=8.1838
[train] step=100 loss=7.8738
[train] step=110 loss=7.1541
[train] step=120 loss=6.9931
[train] step=130 loss=7.0683
[train] step=140 loss=6.7577
[train] step=150 loss=6.6167
[train] step=160 loss=6.9725
[train] step=170 loss=6.8964
[train] step=180 loss=6.3273
[train] step=190 loss=6.8669
[train] step=200 loss=6.7256
{
  "variant": "full",
  "seed": 2,
  "device": "cuda",
  "dtype": "float32",
  "block_size": 128,
  "batch_size": 2,
  "max_train_steps": 200,
  "parameter_count": 13220772,
  "train_loss": 8.20645229101181,
  "train_ppl": 3664.5187316742968,
  "train_tokens_per_second": 1596.1738748222679,
  "train_step_time_ms": 160.38352966308594,
  "val_loss": 8.009568738937379,
  "val_ppl": 3009.6189015229425,
  "eval_tokens_per_second": 31861.586103346566,
  "eval_step_time_ms": 8.034753799438477,
  "num_layers_with_stats": 2.0,
  "mean_attention_trigger_rate": 0.0,
  "mean_active_fraction": 0.896875,
  "mean_halted_fraction": 0.103125,
  "mean_halt_step": 1.9650390625,
  "mean_executed_steps": 2.0,
  "mean_halt_step_by_position": [
    1.9500000476837158,
    2.0,
    1.9500000476837158,
    2.0,
    1.975000023841858,
    1.9500000476837158,
    1.975000023841858,
    2.0,
    1.975000023841858,
    1.975000023841858,
    2.0,
    1.9500000476837158,
    1.9500000476837158,
    2.0,
    1.9249999523162842,
    1.975000023841858,
    1.9500000476837158,
    1.9500000476837158,
    1.9249999523162842,
    2.0,
    1.975000023841858,
    1.975000023841858,
    1.9249999523162842,
    1.9500000476837158,
    1.9500000476837158,
    1.975000023841858,
    1.975000023841858,
    1.975000023841858,
    1.9249999523162842,
    1.975000023841858,
    1.9500000476837158,
    1.975000023841858,
    1.975000023841858,
    1.975000023841858,
    2.0,
    2.0,
    1.9249999523162842,
    2.0,
    1.975000023841858,
    1.975000023841858,
    1.9500000476837158,
    1.975000023841858,
    1.9500000476837158,
    2.0,
    1.9500000476837158,
    1.899999976158142,
    2.0,
    1.9500000476837158,
    1.9500000476837158,
    1.975000023841858,
    1.975000023841858,
    1.9249999523162842,
    1.975000023841858,
    1.975000023841858,
    2.0,
    1.9500000476837158,
    1.9500000476837158,
    1.975000023841858,
    2.0,
    1.9249999523162842,
    1.975000023841858,
    1.9500000476837158,
    1.975000023841858,
    1.975000023841858,
    2.0,
    2.0,
    1.975000023841858,
    1.9500000476837158,
    1.9500000476837158,
    1.9249999523162842,
    2.0,
    1.975000023841858,
    1.975000023841858,
    1.975000023841858,
    1.9500000476837158,
    1.9500000476837158,
    1.9500000476837158,
    1.975000023841858,
    1.975000023841858,
    1.9249999523162842,
    1.975000023841858,
    1.9500000476837158,
    2.0,
    1.9500000476837158,
    1.975000023841858,
    1.975000023841858,
    1.9249999523162842,
    1.9249999523162842,
    1.9249999523162842,
    1.975000023841858,
    2.0,
    2.0,
    1.975000023841858,
    1.9500000476837158,
    1.975000023841858,
    1.9500000476837158,
    1.9500000476837158,
    2.0,
    1.9249999523162842,
    1.9500000476837158,
    2.0,
    1.975000023841858,
    1.875,
    1.9500000476837158,
    1.9249999523162842,
    1.9500000476837158,
    1.975000023841858,
    1.9249999523162842,
    1.975000023841858,
    1.975000023841858,
    1.975000023841858,
    1.975000023841858,
    1.975000023841858,
    2.0,
    1.975000023841858,
    2.0,
    1.975000023841858,
    1.975000023841858,
    1.9500000476837158,
    1.975000023841858,
    2.0,
    1.975000023841858,
    1.899999976158142,
    1.9500000476837158,
    2.0,
    1.899999976158142,
    2.0,
    1.9500000476837158
  ],
  "halted_fraction_by_position": [
    0.05000000074505806,
    0.0,
    0.05000000074505806,
    0.0,
    0.02500000037252903,
    0.05000000074505806,
    0.05000000074505806,
    0.02500000037252903,
    0.02500000037252903,
    0.03750000149011612,
    0.05000000074505806,
    0.10000000149011612,
    0.05000000074505806,
    0.02500000037252903,
    0.125,
    0.0625,
    0.07500000298023224,
    0.07500000298023224,
    0.125,
    0.02500000037252903,
    0.0625,
    0.07500000298023224,
    0.125,
    0.08749999850988388,
    0.07500000298023224,
    0.10000000149011612,
    0.10000000149011612,
    0.07500000298023224,
    0.15000000596046448,
    0.05000000074505806,
    0.08749999850988388,
    0.07500000298023224,
    0.08749999850988388,
    0.07500000298023224,
    0.0625,
    0.08749999850988388,
    0.15000000596046448,
    0.05000000074505806,
    0.08749999850988388,
    0.11249999701976776,
    0.13750000298023224,
    0.0625,
    0.08749999850988388,
    0.05000000074505806,
    0.125,
    0.1875,
    0.08749999850988388,
    0.0625,
    0.11249999701976776,
    0.10000000149011612,
    0.08749999850988388,
    0.1875,
    0.07500000298023224,
    0.125,
    0.05000000074505806,
    0.13750000298023224,
    0.11249999701976776,
    0.10000000149011612,
    0.08749999850988388,
    0.11249999701976776,
    0.125,
    0.13750000298023224,
    0.07500000298023224,
    0.125,
    0.10000000149011612,
    0.05000000074505806,
    0.08749999850988388,
    0.10000000149011612,
    0.15000000596046448,
    0.16249999403953552,
    0.11249999701976776,
    0.08749999850988388,
    0.10000000149011612,
    0.11249999701976776,
    0.125,
    0.16249999403953552,
    0.08749999850988388,
    0.07500000298023224,
    0.125,
    0.15000000596046448,
    0.11249999701976776,
    0.13750000298023224,
    0.10000000149011612,
    0.11249999701976776,
    0.125,
    0.08749999850988388,
    0.10000000149011612,
    0.15000000596046448,
    0.16249999403953552,
    0.15000000596046448,
    0.0625,
    0.08749999850988388,
    0.125,
    0.13750000298023224,
    0.15000000596046448,
    0.13750000298023224,
    0.125,
    0.10000000149011612,
    0.21250000596046448,
    0.1875,
    0.0625,
    0.08749999850988388,
    0.21250000596046448,
    0.16249999403953552,
    0.16249999403953552,
    0.15000000596046448,
    0.10000000149011612,
    0.16249999403953552,
    0.15000000596046448,
    0.11249999701976776,
    0.08749999850988388,
    0.15000000596046448,
    0.11249999701976776,
    0.11249999701976776,
    0.15000000596046448,
    0.0625,
    0.125,
    0.13750000298023224,
    0.125,
    0.16249999403953552,
    0.0625,
    0.08749999850988388,
    0.17499999701976776,
    0.13750000298023224,
    0.10000000149011612,
    0.15000000596046448,
    0.07500000298023224,
    0.125
  ]
}
