
==> python train_wikitext103.py --variant plain --seed 0 --output-json results/routeB_plain_vs_full_500step/wikitext103_plain_seed0.json --dataset-name wikitext --dataset-config wikitext-103-raw-v1 --tokenizer EleutherAI/gpt-neox-20b --device cuda --dtype float32 --d-model 128 --n-layer 2 --d-state 32 --headdim 32 --expand 2 --block-size 128 --batch-size 2 --eval-batch-size 2 --max-train-steps 500 --max-eval-batches 10 --train-text-samples 500 --val-text-samples 200 --max-train-tokens 65536 --max-val-tokens 16384 --learning-rate 3e-4
[train] step=10 loss=10.8735
[train] step=20 loss=10.6258
[train] step=30 loss=10.1793
[train] step=40 loss=9.6192
[train] step=50 loss=9.2071
[train] step=60 loss=8.7183
[train] step=70 loss=8.3211
[train] step=80 loss=8.0127
[train] step=90 loss=7.5396
[train] step=100 loss=7.3337
[train] step=110 loss=6.6742
[train] step=120 loss=6.9475
[train] step=130 loss=6.8858
[train] step=140 loss=6.6068
[train] step=150 loss=6.4447
[train] step=160 loss=6.5305
[train] step=170 loss=6.7680
[train] step=180 loss=6.9900
[train] step=190 loss=6.4771
[train] step=200 loss=6.1595
[train] step=210 loss=6.4285
[train] step=220 loss=6.2137
[train] step=230 loss=6.5801
[train] step=240 loss=6.1645
[train] step=250 loss=6.2412
[train] step=260 loss=5.5391
[train] step=270 loss=5.3076
[train] step=280 loss=5.5513
[train] step=290 loss=5.5185
[train] step=300 loss=5.6243
[train] step=310 loss=4.8336
[train] step=320 loss=5.7368
[train] step=330 loss=4.8445
[train] step=340 loss=5.1015
[train] step=350 loss=4.5306
[train] step=360 loss=5.3719
[train] step=370 loss=5.2143
[train] step=380 loss=4.7524
[train] step=390 loss=5.3685
[train] step=400 loss=5.2854
[train] step=410 loss=5.3583
[train] step=420 loss=5.1320
[train] step=430 loss=4.5832
[train] step=440 loss=4.7045
[train] step=450 loss=4.7477
[train] step=460 loss=4.7528
[train] step=470 loss=4.7453
[train] step=480 loss=4.2878
[train] step=490 loss=5.3460
[train] step=500 loss=4.5480
{
  "variant": "plain",
  "seed": 0,
  "device": "cuda",
  "dtype": "float32",
  "block_size": 128,
  "batch_size": 2,
  "max_train_steps": 500,
  "parameter_count": 13088160,
  "train_loss": 6.350030515670777,
  "train_ppl": 572.5101792792584,
  "train_tokens_per_second": 3933.101188425747,
  "train_step_time_ms": 65.08858728408813,
  "val_loss": 7.87833161354065,
  "val_ppl": 2639.4652361055187,
  "eval_tokens_per_second": 86124.64799916581,
  "eval_step_time_ms": 2.97243595123291
}

==> python train_wikitext103.py --variant full --halt-threshold 0.7 --router-threshold 0.5 --router-temperature 1.0 --seed 0 --output-json results/routeB_plain_vs_full_500step/wikitext103_full_h07_seed0.json --dataset-name wikitext --dataset-config wikitext-103-raw-v1 --tokenizer EleutherAI/gpt-neox-20b --device cuda --dtype float32 --d-model 128 --n-layer 2 --d-state 32 --headdim 32 --expand 2 --block-size 128 --batch-size 2 --eval-batch-size 2 --max-train-steps 500 --max-eval-batches 10 --train-text-samples 500 --val-text-samples 200 --max-train-tokens 65536 --max-val-tokens 16384 --learning-rate 3e-4
[train] step=10 loss=10.9967
[train] step=20 loss=10.8388
[train] step=30 loss=10.7562
[train] step=40 loss=10.3666
[train] step=50 loss=10.0735
[train] step=60 loss=9.5822
[train] step=70 loss=8.9191
[train] step=80 loss=8.7219
[train] step=90 loss=8.1898
[train] step=100 loss=7.9310
[train] step=110 loss=7.3772
[train] step=120 loss=7.3566
[train] step=130 loss=7.2427
[train] step=140 loss=7.0094
[train] step=150 loss=6.9030
[train] step=160 loss=6.9438
[train] step=170 loss=7.1316
[train] step=180 loss=7.2544
[train] step=190 loss=6.8207
[train] step=200 loss=6.7038
[train] step=210 loss=6.8644
[train] step=220 loss=6.6823
[train] step=230 loss=7.0518
[train] step=240 loss=6.6356
[train] step=250 loss=6.7052
[train] step=260 loss=6.1703
[train] step=270 loss=6.0429
[train] step=280 loss=6.1607
[train] step=290 loss=6.1197
[train] step=300 loss=6.3014
[train] step=310 loss=5.5383
[train] step=320 loss=6.4676
[train] step=330 loss=5.6297
[train] step=340 loss=5.8422
[train] step=350 loss=5.3229
[train] step=360 loss=5.9623
[train] step=370 loss=5.8901
[train] step=380 loss=5.4500
[train] step=390 loss=5.9646
[train] step=400 loss=6.0176
[train] step=410 loss=6.1859
[train] step=420 loss=5.9361
[train] step=430 loss=5.4560
[train] step=440 loss=5.5852
[train] step=450 loss=5.7217
[train] step=460 loss=5.6149
[train] step=470 loss=5.5667
[train] step=480 loss=5.1740
[train] step=490 loss=6.3516
[train] step=500 loss=5.2757
{
  "variant": "full",
  "seed": 0,
  "device": "cuda",
  "dtype": "float32",
  "block_size": 128,
  "batch_size": 2,
  "max_train_steps": 500,
  "parameter_count": 13220772,
  "train_loss": 6.973044544219971,
  "train_ppl": 1067.4677610444269,
  "train_tokens_per_second": 3277.6654285060863,
  "train_step_time_ms": 78.10437202453613,
  "val_loss": 7.849125242233276,
  "val_ppl": 2563.4909021790504,
  "eval_tokens_per_second": 29256.31379900385,
  "eval_step_time_ms": 8.750247955322266,
  "num_layers_with_stats": 2.0,
  "mean_attention_trigger_rate": 0.05,
  "mean_active_fraction": 0.81025390625,
  "mean_halted_fraction": 0.18974609375,
  "mean_halt_step": 1.88359375,
  "mean_executed_steps": 2.0,
  "mean_halt_step_by_position": [
    1.850000023841858,
    1.899999976158142,
    1.899999976158142,
    1.850000023841858,
    1.9500000476837158,
    1.9500000476837158,
    1.899999976158142,
    1.8250000476837158,
    1.875,
    1.875,
    1.9249999523162842,
    1.899999976158142,
    1.774999976158142,
    1.9249999523162842,
    1.899999976158142,
    1.850000023841858,
    1.899999976158142,
    1.850000023841858,
    1.850000023841858,
    1.7999999523162842,
    1.8250000476837158,
    1.9500000476837158,
    1.850000023841858,
    1.899999976158142,
    1.875,
    1.8250000476837158,
    1.899999976158142,
    1.8250000476837158,
    1.8250000476837158,
    1.899999976158142,
    1.8250000476837158,
    1.875,
    1.9249999523162842,
    1.899999976158142,
    1.7999999523162842,
    2.0,
    1.899999976158142,
    1.899999976158142,
    1.9249999523162842,
    1.9249999523162842,
    1.899999976158142,
    1.875,
    1.899999976158142,
    1.75,
    1.899999976158142,
    1.899999976158142,
    1.6749999523162842,
    1.75,
    1.850000023841858,
    1.8250000476837158,
    1.899999976158142,
    1.9249999523162842,
    1.7999999523162842,
    1.850000023841858,
    1.9249999523162842,
    1.899999976158142,
    1.899999976158142,
    1.875,
    1.975000023841858,
    1.899999976158142,
    1.9500000476837158,
    1.7999999523162842,
    1.9249999523162842,
    1.875,
    1.875,
    1.8250000476837158,
    1.9249999523162842,
    1.7999999523162842,
    1.9249999523162842,
    1.850000023841858,
    1.975000023841858,
    1.875,
    1.875,
    1.875,
    1.9500000476837158,
    1.875,
    1.875,
    1.8250000476837158,
    1.975000023841858,
    1.899999976158142,
    1.850000023841858,
    1.875,
    1.875,
    1.9249999523162842,
    1.9500000476837158,
    1.875,
    1.9249999523162842,
    1.899999976158142,
    1.9500000476837158,
    1.875,
    1.850000023841858,
    1.899999976158142,
    1.875,
    1.9249999523162842,
    1.850000023841858,
    1.899999976158142,
    1.9249999523162842,
    1.9249999523162842,
    1.9500000476837158,
    1.899999976158142,
    1.875,
    1.850000023841858,
    1.875,
    1.850000023841858,
    1.899999976158142,
    1.9249999523162842,
    1.7999999523162842,
    1.850000023841858,
    1.9500000476837158,
    1.9249999523162842,
    1.850000023841858,
    1.9249999523162842,
    1.899999976158142,
    1.975000023841858,
    1.850000023841858,
    1.899999976158142,
    1.875,
    1.9249999523162842,
    1.850000023841858,
    1.899999976158142,
    1.9249999523162842,
    1.7999999523162842,
    1.899999976158142,
    1.875,
    1.975000023841858,
    1.899999976158142,
    1.9249999523162842,
    1.8250000476837158
  ],
  "halted_fraction_by_position": [
    0.15000000596046448,
    0.10000000149011612,
    0.10000000149011612,
    0.15000000596046448,
    0.0625,
    0.0625,
    0.10000000149011612,
    0.1875,
    0.15000000596046448,
    0.15000000596046448,
    0.11249999701976776,
    0.125,
    0.25,
    0.10000000149011612,
    0.15000000596046448,
    0.1875,
    0.13750000298023224,
    0.1875,
    0.17499999701976776,
    0.23749999701976776,
    0.23749999701976776,
    0.0625,
    0.17499999701976776,
    0.17499999701976776,
    0.16249999403953552,
    0.26249998807907104,
    0.15000000596046448,
    0.25,
    0.22499999403953552,
    0.17499999701976776,
    0.1875,
    0.23749999701976776,
    0.13750000298023224,
    0.13750000298023224,
    0.22499999403953552,
    0.08749999850988388,
    0.125,
    0.13750000298023224,
    0.1875,
    0.11249999701976776,
    0.20000000298023224,
    0.21250000596046448,
    0.13750000298023224,
    0.30000001192092896,
    0.16249999403953552,
    0.16249999403953552,
    0.36250001192092896,
    0.32499998807907104,
    0.1875,
    0.2874999940395355,
    0.16249999403953552,
    0.15000000596046448,
    0.2750000059604645,
    0.26249998807907104,
    0.11249999701976776,
    0.17499999701976776,
    0.22499999403953552,
    0.22499999403953552,
    0.11249999701976776,
    0.20000000298023224,
    0.08749999850988388,
    0.2874999940395355,
    0.15000000596046448,
    0.20000000298023224,
    0.25,
    0.25,
    0.17499999701976776,
    0.26249998807907104,
    0.13750000298023224,
    0.23749999701976776,
    0.13750000298023224,
    0.26249998807907104,
    0.22499999403953552,
    0.22499999403953552,
    0.11249999701976776,
    0.1875,
    0.23749999701976776,
    0.23749999701976776,
    0.125,
    0.15000000596046448,
    0.23749999701976776,
    0.16249999403953552,
    0.1875,
    0.17499999701976776,
    0.13750000298023224,
    0.20000000298023224,
    0.16249999403953552,
    0.21250000596046448,
    0.17499999701976776,
    0.1875,
    0.21250000596046448,
    0.23749999701976776,
    0.16249999403953552,
    0.15000000596046448,
    0.21250000596046448,
    0.22499999403953552,
    0.17499999701976776,
    0.17499999701976776,
    0.16249999403953552,
    0.21250000596046448,
    0.21250000596046448,
    0.2874999940395355,
    0.21250000596046448,
    0.21250000596046448,
    0.22499999403953552,
    0.1875,
    0.3125,
    0.2750000059604645,
    0.1875,
    0.16249999403953552,
    0.25,
    0.20000000298023224,
    0.17499999701976776,
    0.11249999701976776,
    0.22499999403953552,
    0.20000000298023224,
    0.25,
    0.13750000298023224,
    0.25,
    0.17499999701976776,
    0.21250000596046448,
    0.30000001192092896,
    0.20000000298023224,
    0.26249998807907104,
    0.15000000596046448,
    0.22499999403953552,
    0.15000000596046448,
    0.2750000059604645
  ]
}

==> python train_wikitext103.py --variant plain --seed 1 --output-json results/routeB_plain_vs_full_500step/wikitext103_plain_seed1.json --dataset-name wikitext --dataset-config wikitext-103-raw-v1 --tokenizer EleutherAI/gpt-neox-20b --device cuda --dtype float32 --d-model 128 --n-layer 2 --d-state 32 --headdim 32 --expand 2 --block-size 128 --batch-size 2 --eval-batch-size 2 --max-train-steps 500 --max-eval-batches 10 --train-text-samples 500 --val-text-samples 200 --max-train-tokens 65536 --max-val-tokens 16384 --learning-rate 3e-4
[train] step=10 loss=10.9051
[train] step=20 loss=10.6258
[train] step=30 loss=10.2408
[train] step=40 loss=9.6440
[train] step=50 loss=9.2223
[train] step=60 loss=8.7101
[train] step=70 loss=8.2658
[train] step=80 loss=8.1929
[train] step=90 loss=7.6760
[train] step=100 loss=7.3873
[train] step=110 loss=6.8736
[train] step=120 loss=6.7854
[train] step=130 loss=7.0487
[train] step=140 loss=6.7647
[train] step=150 loss=6.5988
[train] step=160 loss=7.0069
[train] step=170 loss=6.1279
[train] step=180 loss=6.6291
[train] step=190 loss=6.6967
[train] step=200 loss=5.9524
[train] step=210 loss=6.1090
[train] step=220 loss=5.7766
[train] step=230 loss=6.0265
[train] step=240 loss=6.0297
[train] step=250 loss=5.7275
[train] step=260 loss=5.8663
[train] step=270 loss=5.7623
[train] step=280 loss=6.1308
[train] step=290 loss=5.6092
[train] step=300 loss=5.5236
[train] step=310 loss=4.8069
[train] step=320 loss=4.9884
[train] step=330 loss=5.0018
[train] step=340 loss=5.4765
[train] step=350 loss=5.5174
[train] step=360 loss=5.2155
[train] step=370 loss=5.2620
[train] step=380 loss=5.4903
[train] step=390 loss=5.6637
[train] step=400 loss=4.8847
[train] step=410 loss=4.9004
[train] step=420 loss=4.7478
[train] step=430 loss=4.3401
[train] step=440 loss=4.8649
[train] step=450 loss=4.9586
[train] step=460 loss=4.2475
[train] step=470 loss=4.8386
[train] step=480 loss=4.3884
[train] step=490 loss=4.6904
[train] step=500 loss=4.2663
{
  "variant": "plain",
  "seed": 1,
  "device": "cuda",
  "dtype": "float32",
  "block_size": 128,
  "batch_size": 2,
  "max_train_steps": 500,
  "parameter_count": 13088160,
  "train_loss": 6.358341383934021,
  "train_ppl": 577.2880626373175,
  "train_tokens_per_second": 3833.3838980898977,
  "train_step_time_ms": 66.78172779083252,
  "val_loss": 7.869987535476684,
  "val_ppl": 2617.532961683529,
  "eval_tokens_per_second": 79584.18191655734,
  "eval_step_time_ms": 3.216719627380371
}

==> python train_wikitext103.py --variant full --halt-threshold 0.7 --router-threshold 0.5 --router-temperature 1.0 --seed 1 --output-json results/routeB_plain_vs_full_500step/wikitext103_full_h07_seed1.json --dataset-name wikitext --dataset-config wikitext-103-raw-v1 --tokenizer EleutherAI/gpt-neox-20b --device cuda --dtype float32 --d-model 128 --n-layer 2 --d-state 32 --headdim 32 --expand 2 --block-size 128 --batch-size 2 --eval-batch-size 2 --max-train-steps 500 --max-eval-batches 10 --train-text-samples 500 --val-text-samples 200 --max-train-tokens 65536 --max-val-tokens 16384 --learning-rate 3e-4
[train] step=10 loss=10.9381
[train] step=20 loss=10.8003
[train] step=30 loss=10.4777
[train] step=40 loss=9.9618
[train] step=50 loss=9.4437
[train] step=60 loss=9.0666
[train] step=70 loss=8.5059
[train] step=80 loss=8.4115
[train] step=90 loss=7.9456
[train] step=100 loss=7.6457
[train] step=110 loss=7.1862
[train] step=120 loss=7.0271
[train] step=130 loss=7.3165
[train] step=140 loss=7.1540
[train] step=150 loss=6.9229
[train] step=160 loss=7.3700
[train] step=170 loss=6.7554
[train] step=180 loss=7.0750
[train] step=190 loss=7.3046
[train] step=200 loss=6.5182
[train] step=210 loss=6.7100
[train] step=220 loss=6.7126
[train] step=230 loss=6.8069
[train] step=240 loss=6.6864
[train] step=250 loss=6.4005
[train] step=260 loss=6.5599
[train] step=270 loss=6.3520
[train] step=280 loss=6.7921
[train] step=290 loss=6.3765
[train] step=300 loss=6.3111
[train] step=310 loss=5.9313
[train] step=320 loss=5.8820
[train] step=330 loss=5.9037
[train] step=340 loss=6.4171
[train] step=350 loss=6.2483
[train] step=360 loss=6.1119
[train] step=370 loss=6.0908
[train] step=380 loss=6.3424
[train] step=390 loss=6.6333
[train] step=400 loss=5.6765
[train] step=410 loss=5.6526
[train] step=420 loss=5.6692
[train] step=430 loss=5.4294
[train] step=440 loss=5.8162
[train] step=450 loss=5.9363
[train] step=460 loss=5.1630
[train] step=470 loss=5.8290
[train] step=480 loss=5.3357
[train] step=490 loss=5.6017
[train] step=500 loss=5.1881
{
  "variant": "full",
  "seed": 1,
  "device": "cuda",
  "dtype": "float32",
  "block_size": 128,
  "batch_size": 2,
  "max_train_steps": 500,
  "parameter_count": 13220772,
  "train_loss": 6.992965368270874,
  "train_ppl": 1088.9458185208898,
  "train_tokens_per_second": 3173.8581089850077,
  "train_step_time_ms": 80.65893030166626,
  "val_loss": 7.95764045715332,
  "val_ppl": 2857.323016172657,
  "eval_tokens_per_second": 28610.45582565275,
  "eval_step_time_ms": 8.94777774810791,
  "num_layers_with_stats": 2.0,
  "mean_attention_trigger_rate": 0.625,
  "mean_active_fraction": 0.80888671875,
  "mean_halted_fraction": 0.19111328125,
  "mean_halt_step": 1.8314453125,
  "mean_executed_steps": 2.0,
  "mean_halt_step_by_position": [
    1.725000023841858,
    1.649999976158142,
    1.725000023841858,
    1.850000023841858,
    1.75,
    1.75,
    1.850000023841858,
    1.7999999523162842,
    1.7999999523162842,
    1.850000023841858,
    1.774999976158142,
    1.7999999523162842,
    1.7000000476837158,
    1.899999976158142,
    1.875,
    1.875,
    1.850000023841858,
    1.850000023841858,
    1.875,
    1.7999999523162842,
    1.7999999523162842,
    1.9500000476837158,
    1.7999999523162842,
    1.75,
    1.8250000476837158,
    1.850000023841858,
    1.899999976158142,
    1.8250000476837158,
    1.8250000476837158,
    1.8250000476837158,
    1.774999976158142,
    1.7999999523162842,
    1.899999976158142,
    1.8250000476837158,
    1.7999999523162842,
    1.899999976158142,
    1.8250000476837158,
    1.850000023841858,
    1.774999976158142,
    1.7999999523162842,
    1.7999999523162842,
    1.7000000476837158,
    1.7999999523162842,
    1.899999976158142,
    1.899999976158142,
    1.8250000476837158,
    1.850000023841858,
    1.875,
    1.899999976158142,
    1.899999976158142,
    1.875,
    1.850000023841858,
    1.875,
    1.850000023841858,
    1.899999976158142,
    1.774999976158142,
    1.850000023841858,
    1.899999976158142,
    1.7999999523162842,
    1.875,
    1.9249999523162842,
    1.774999976158142,
    1.7999999523162842,
    1.75,
    1.7999999523162842,
    1.9500000476837158,
    1.8250000476837158,
    1.875,
    1.8250000476837158,
    1.7999999523162842,
    1.8250000476837158,
    1.7999999523162842,
    1.875,
    1.7999999523162842,
    1.899999976158142,
    1.899999976158142,
    1.850000023841858,
    1.899999976158142,
    1.875,
    1.850000023841858,
    1.7000000476837158,
    1.875,
    1.8250000476837158,
    1.8250000476837158,
    1.899999976158142,
    1.7999999523162842,
    1.8250000476837158,
    1.774999976158142,
    1.7999999523162842,
    1.8250000476837158,
    1.850000023841858,
    1.875,
    1.774999976158142,
    1.850000023841858,
    1.7999999523162842,
    1.8250000476837158,
    1.850000023841858,
    1.7999999523162842,
    1.899999976158142,
    1.850000023841858,
    1.850000023841858,
    1.8250000476837158,
    1.9500000476837158,
    1.8250000476837158,
    1.850000023841858,
    1.8250000476837158,
    1.8250000476837158,
    1.7999999523162842,
    1.875,
    1.7999999523162842,
    1.850000023841858,
    1.75,
    1.8250000476837158,
    1.975000023841858,
    1.8250000476837158,
    1.899999976158142,
    1.7000000476837158,
    1.7999999523162842,
    1.774999976158142,
    1.875,
    1.9500000476837158,
    1.7999999523162842,
    1.7999999523162842,
    1.725000023841858,
    1.850000023841858,
    1.850000023841858,
    1.850000023841858,
    1.8250000476837158
  ],
  "halted_fraction_by_position": [
    0.2750000059604645,
    0.3499999940395355,
    0.2874999940395355,
    0.15000000596046448,
    0.25,
    0.25,
    0.15000000596046448,
    0.21250000596046448,
    0.20000000298023224,
    0.15000000596046448,
    0.25,
    0.20000000298023224,
    0.32499998807907104,
    0.10000000149011612,
    0.13750000298023224,
    0.15000000596046448,
    0.15000000596046448,
    0.15000000596046448,
    0.125,
    0.21250000596046448,
    0.20000000298023224,
    0.05000000074505806,
    0.21250000596046448,
    0.25,
    0.20000000298023224,
    0.16249999403953552,
    0.10000000149011612,
    0.17499999701976776,
    0.23749999701976776,
    0.20000000298023224,
    0.23749999701976776,
    0.21250000596046448,
    0.10000000149011612,
    0.20000000298023224,
    0.23749999701976776,
    0.13750000298023224,
    0.22499999403953552,
    0.1875,
    0.26249998807907104,
    0.22499999403953552,
    0.22499999403953552,
    0.3375000059604645,
    0.23749999701976776,
    0.15000000596046448,
    0.10000000149011612,
    0.21250000596046448,
    0.17499999701976776,
    0.13750000298023224,
    0.125,
    0.13750000298023224,
    0.16249999403953552,
    0.16249999403953552,
    0.17499999701976776,
    0.15000000596046448,
    0.10000000149011612,
    0.2750000059604645,
    0.16249999403953552,
    0.11249999701976776,
    0.20000000298023224,
    0.125,
    0.08749999850988388,
    0.30000001192092896,
    0.20000000298023224,
    0.30000001192092896,
    0.22499999403953552,
    0.05000000074505806,
    0.20000000298023224,
    0.13750000298023224,
    0.1875,
    0.22499999403953552,
    0.21250000596046448,
    0.22499999403953552,
    0.15000000596046448,
    0.22499999403953552,
    0.10000000149011612,
    0.10000000149011612,
    0.20000000298023224,
    0.11249999701976776,
    0.16249999403953552,
    0.16249999403953552,
    0.32499998807907104,
    0.16249999403953552,
    0.20000000298023224,
    0.17499999701976776,
    0.125,
    0.21250000596046448,
    0.22499999403953552,
    0.2750000059604645,
    0.21250000596046448,
    0.21250000596046448,
    0.16249999403953552,
    0.17499999701976776,
    0.22499999403953552,
    0.15000000596046448,
    0.22499999403953552,
    0.21250000596046448,
    0.15000000596046448,
    0.21250000596046448,
    0.125,
    0.16249999403953552,
    0.22499999403953552,
    0.23749999701976776,
    0.08749999850988388,
    0.17499999701976776,
    0.16249999403953552,
    0.17499999701976776,
    0.20000000298023224,
    0.22499999403953552,
    0.17499999701976776,
    0.22499999403953552,
    0.17499999701976776,
    0.25,
    0.22499999403953552,
    0.08749999850988388,
    0.22499999403953552,
    0.13750000298023224,
    0.3375000059604645,
    0.23749999701976776,
    0.22499999403953552,
    0.15000000596046448,
    0.08749999850988388,
    0.23749999701976776,
    0.23749999701976776,
    0.3125,
    0.21250000596046448,
    0.20000000298023224,
    0.20000000298023224,
    0.20000000298023224
  ]
}

==> python train_wikitext103.py --variant plain --seed 2 --output-json results/routeB_plain_vs_full_500step/wikitext103_plain_seed2.json --dataset-name wikitext --dataset-config wikitext-103-raw-v1 --tokenizer EleutherAI/gpt-neox-20b --device cuda --dtype float32 --d-model 128 --n-layer 2 --d-state 32 --headdim 32 --expand 2 --block-size 128 --batch-size 2 --eval-batch-size 2 --max-train-steps 500 --max-eval-batches 10 --train-text-samples 500 --val-text-samples 200 --max-train-tokens 65536 --max-val-tokens 16384 --learning-rate 3e-4
[train] step=10 loss=10.6919
[train] step=20 loss=10.6533
[train] step=30 loss=10.4561
[train] step=40 loss=10.0797
[train] step=50 loss=9.5639
[train] step=60 loss=8.5299
[train] step=70 loss=8.3579
[train] step=80 loss=8.0623
[train] step=90 loss=7.9763
[train] step=100 loss=7.6154
[train] step=110 loss=6.9984
[train] step=120 loss=6.4661
[train] step=130 loss=6.7223
[train] step=140 loss=6.4693
[train] step=150 loss=6.3176
[train] step=160 loss=6.7074
[train] step=170 loss=6.6263
[train] step=180 loss=5.9852
[train] step=190 loss=6.4292
[train] step=200 loss=6.2275
[train] step=210 loss=5.9525
[train] step=220 loss=5.7503
[train] step=230 loss=5.9191
[train] step=240 loss=6.0807
[train] step=250 loss=6.1521
[train] step=260 loss=5.5571
[train] step=270 loss=5.7646
[train] step=280 loss=6.0290
[train] step=290 loss=5.2299
[train] step=300 loss=5.4724
[train] step=310 loss=5.5653
[train] step=320 loss=5.7199
[train] step=330 loss=5.2854
[train] step=340 loss=5.2069
[train] step=350 loss=5.3166
[train] step=360 loss=4.8483
[train] step=370 loss=5.1538
[train] step=380 loss=5.1613
[train] step=390 loss=4.7636
[train] step=400 loss=4.9527
[train] step=410 loss=5.2336
[train] step=420 loss=4.7867
[train] step=430 loss=4.1271
[train] step=440 loss=4.3423
[train] step=450 loss=4.7197
[train] step=460 loss=4.1999
[train] step=470 loss=4.1087
[train] step=480 loss=4.7698
[train] step=490 loss=4.9462
[train] step=500 loss=4.6065
{
  "variant": "plain",
  "seed": 2,
  "device": "cuda",
  "dtype": "float32",
  "block_size": 128,
  "batch_size": 2,
  "max_train_steps": 500,
  "parameter_count": 13088160,
  "train_loss": 6.379969948768616,
  "train_ppl": 589.9099798707981,
  "train_tokens_per_second": 3790.0428943290017,
  "train_step_time_ms": 67.54540967941284,
  "val_loss": 7.876116132736206,
  "val_ppl": 2633.6240244762776,
  "eval_tokens_per_second": 78032.42859842154,
  "eval_step_time_ms": 3.2806873321533203
}

==> python train_wikitext103.py --variant full --halt-threshold 0.7 --router-threshold 0.5 --router-temperature 1.0 --seed 2 --output-json results/routeB_plain_vs_full_500step/wikitext103_full_h07_seed2.json --dataset-name wikitext --dataset-config wikitext-103-raw-v1 --tokenizer EleutherAI/gpt-neox-20b --device cuda --dtype float32 --d-model 128 --n-layer 2 --d-state 32 --headdim 32 --expand 2 --block-size 128 --batch-size 2 --eval-batch-size 2 --max-train-steps 500 --max-eval-batches 10 --train-text-samples 500 --val-text-samples 200 --max-train-tokens 65536 --max-val-tokens 16384 --learning-rate 3e-4
[train] step=10 loss=10.8917
[train] step=20 loss=10.8780
[train] step=30 loss=10.5380
[train] step=40 loss=9.9245
[train] step=50 loss=9.5633
[train] step=60 loss=8.8262
[train] step=70 loss=8.4848
[train] step=80 loss=8.1512
[train] step=90 loss=8.2010
[train] step=100 loss=7.8700
[train] step=110 loss=7.1528
[train] step=120 loss=6.9896
[train] step=130 loss=7.0694
[train] step=140 loss=6.7568
[train] step=150 loss=6.6216
[train] step=160 loss=6.9704
[train] step=170 loss=6.8963
[train] step=180 loss=6.3227
[train] step=190 loss=6.8630
[train] step=200 loss=6.7274
[train] step=210 loss=6.4231
[train] step=220 loss=6.3852
[train] step=230 loss=6.4845
[train] step=240 loss=6.6459
[train] step=250 loss=6.7178
[train] step=260 loss=6.1497
[train] step=270 loss=6.3271
[train] step=280 loss=6.5072
[train] step=290 loss=5.8030
[train] step=300 loss=6.1154
[train] step=310 loss=6.3442
[train] step=320 loss=6.5190
[train] step=330 loss=6.1369
[train] step=340 loss=5.9045
[train] step=350 loss=5.9763
[train] step=360 loss=5.7046
[train] step=370 loss=6.0445
[train] step=380 loss=5.9587
[train] step=390 loss=5.6355
[train] step=400 loss=5.7152
[train] step=410 loss=5.9127
[train] step=420 loss=5.8069
[train] step=430 loss=5.1275
[train] step=440 loss=5.2824
[train] step=450 loss=5.5326
[train] step=460 loss=5.1228
[train] step=470 loss=5.0836
[train] step=480 loss=5.6392
[train] step=490 loss=5.9574
[train] step=500 loss=5.5814
{
  "variant": "full",
  "seed": 2,
  "device": "cuda",
  "dtype": "float32",
  "block_size": 128,
  "batch_size": 2,
  "max_train_steps": 500,
  "parameter_count": 13220772,
  "train_loss": 6.916483506202698,
  "train_ppl": 1008.7664292602398,
  "train_tokens_per_second": 3302.891593716835,
  "train_step_time_ms": 77.50784206390381,
  "val_loss": 7.988773822784424,
  "val_ppl": 2947.680364142335,
  "eval_tokens_per_second": 25920.516024372107,
  "eval_step_time_ms": 9.876346588134766,
  "num_layers_with_stats": 2.0,
  "mean_attention_trigger_rate": 0.125,
  "mean_active_fraction": 0.933984375,
  "mean_halted_fraction": 0.066015625,
  "mean_halt_step": 1.9650390625,
  "mean_executed_steps": 2.0,
  "mean_halt_step_by_position": [
    1.975000023841858,
    2.0,
    1.975000023841858,
    2.0,
    1.975000023841858,
    1.975000023841858,
    1.975000023841858,
    2.0,
    2.0,
    1.9500000476837158,
    2.0,
    1.975000023841858,
    1.9249999523162842,
    2.0,
    1.9500000476837158,
    1.9500000476837158,
    1.9500000476837158,
    1.975000023841858,
    1.9249999523162842,
    2.0,
    1.975000023841858,
    2.0,
    1.9249999523162842,
    1.9500000476837158,
    1.975000023841858,
    1.975000023841858,
    1.975000023841858,
    1.975000023841858,
    1.9249999523162842,
    1.975000023841858,
    1.9500000476837158,
    1.975000023841858,
    1.975000023841858,
    2.0,
    2.0,
    2.0,
    1.9500000476837158,
    1.975000023841858,
    1.975000023841858,
    1.975000023841858,
    1.9249999523162842,
    2.0,
    1.9500000476837158,
    1.975000023841858,
    1.9500000476837158,
    1.875,
    1.975000023841858,
    1.9249999523162842,
    1.9500000476837158,
    1.9500000476837158,
    1.975000023841858,
    1.975000023841858,
    1.975000023841858,
    1.975000023841858,
    2.0,
    1.9249999523162842,
    1.975000023841858,
    1.975000023841858,
    2.0,
    1.9249999523162842,
    1.9500000476837158,
    1.9249999523162842,
    1.9500000476837158,
    1.975000023841858,
    1.975000023841858,
    1.975000023841858,
    1.975000023841858,
    1.9500000476837158,
    1.9500000476837158,
    1.975000023841858,
    1.9500000476837158,
    1.9500000476837158,
    1.975000023841858,
    1.975000023841858,
    1.899999976158142,
    1.975000023841858,
    2.0,
    1.975000023841858,
    1.9500000476837158,
    1.9500000476837158,
    1.975000023841858,
    1.975000023841858,
    1.9500000476837158,
    1.9249999523162842,
    1.975000023841858,
    2.0,
    1.9249999523162842,
    1.9249999523162842,
    1.9500000476837158,
    1.975000023841858,
    2.0,
    2.0,
    1.975000023841858,
    1.9500000476837158,
    2.0,
    1.9500000476837158,
    1.975000023841858,
    2.0,
    1.9249999523162842,
    1.9500000476837158,
    1.975000023841858,
    1.9500000476837158,
    1.975000023841858,
    1.9500000476837158,
    1.899999976158142,
    1.9500000476837158,
    1.9500000476837158,
    1.9249999523162842,
    1.975000023841858,
    2.0,
    1.9500000476837158,
    1.9500000476837158,
    1.9500000476837158,
    1.975000023841858,
    2.0,
    2.0,
    1.975000023841858,
    1.975000023841858,
    1.9249999523162842,
    1.975000023841858,
    2.0,
    1.975000023841858,
    1.9249999523162842,
    1.9500000476837158,
    2.0,
    1.975000023841858,
    1.975000023841858,
    1.9249999523162842
  ],
  "halted_fraction_by_position": [
    0.02500000037252903,
    0.0,
    0.02500000037252903,
    0.0,
    0.02500000037252903,
    0.02500000037252903,
    0.05000000074505806,
    0.012500000186264515,
    0.0,
    0.0625,
    0.03750000149011612,
    0.07500000298023224,
    0.08749999850988388,
    0.012500000186264515,
    0.07500000298023224,
    0.07500000298023224,
    0.0625,
    0.02500000037252903,
    0.08749999850988388,
    0.012500000186264515,
    0.03750000149011612,
    0.0,
    0.08749999850988388,
    0.0625,
    0.02500000037252903,
    0.0625,
    0.08749999850988388,
    0.0625,
    0.13750000298023224,
    0.03750000149011612,
    0.07500000298023224,
    0.0625,
    0.05000000074505806,
    0.012500000186264515,
    0.02500000037252903,
    0.03750000149011612,
    0.10000000149011612,
    0.05000000074505806,
    0.05000000074505806,
    0.07500000298023224,
    0.10000000149011612,
    0.012500000186264515,
    0.08749999850988388,
    0.02500000037252903,
    0.08749999850988388,
    0.15000000596046448,
    0.07500000298023224,
    0.08749999850988388,
    0.125,
    0.07500000298023224,
    0.05000000074505806,
    0.03750000149011612,
    0.03750000149011612,
    0.07500000298023224,
    0.012500000186264515,
    0.13750000298023224,
    0.05000000074505806,
    0.05000000074505806,
    0.03750000149011612,
    0.08749999850988388,
    0.11249999701976776,
    0.13750000298023224,
    0.0625,
    0.07500000298023224,
    0.0625,
    0.03750000149011612,
    0.03750000149011612,
    0.07500000298023224,
    0.10000000149011612,
    0.03750000149011612,
    0.08749999850988388,
    0.08749999850988388,
    0.05000000074505806,
    0.07500000298023224,
    0.13750000298023224,
    0.0625,
    0.012500000186264515,
    0.05000000074505806,
    0.08749999850988388,
    0.07500000298023224,
    0.05000000074505806,
    0.0625,
    0.08749999850988388,
    0.10000000149011612,
    0.03750000149011612,
    0.0625,
    0.10000000149011612,
    0.13750000298023224,
    0.0625,
    0.05000000074505806,
    0.03750000149011612,
    0.03750000149011612,
    0.07500000298023224,
    0.05000000074505806,
    0.05000000074505806,
    0.10000000149011612,
    0.05000000074505806,
    0.05000000074505806,
    0.15000000596046448,
    0.125,
    0.05000000074505806,
    0.08749999850988388,
    0.0625,
    0.08749999850988388,
    0.15000000596046448,
    0.08749999850988388,
    0.07500000298023224,
    0.125,
    0.07500000298023224,
    0.03750000149011612,
    0.11249999701976776,
    0.07500000298023224,
    0.08749999850988388,
    0.08749999850988388,
    0.05000000074505806,
    0.012500000186264515,
    0.08749999850988388,
    0.0625,
    0.08749999850988388,
    0.07500000298023224,
    0.02500000037252903,
    0.07500000298023224,
    0.10000000149011612,
    0.08749999850988388,
    0.07500000298023224,
    0.0625,
    0.07500000298023224,
    0.125
  ]
}
