
==> python train_wikitext103.py --variant plain --seed 0 --output-json results/200step_confirm/wikitext103_plain_seed0.json --dataset-name wikitext --dataset-config wikitext-103-raw-v1 --tokenizer EleutherAI/gpt-neox-20b --device cuda --dtype float32 --d-model 128 --n-layer 2 --d-state 32 --headdim 32 --expand 2 --block-size 128 --batch-size 2 --eval-batch-size 2 --max-train-steps 200 --max-eval-batches 10 --train-text-samples 100 --val-text-samples 50 --max-train-tokens 8192 --max-val-tokens 4096 --learning-rate 3e-4
[train] step=10 loss=10.7217
[train] step=20 loss=10.3265
[train] step=30 loss=10.0769
[train] step=40 loss=9.2734
[train] step=50 loss=8.5343
[train] step=60 loss=7.8746
[train] step=70 loss=7.4542
[train] step=80 loss=7.0609
[train] step=90 loss=7.0190
[train] step=100 loss=6.5392
[train] step=110 loss=5.9151
[train] step=120 loss=6.1773
[train] step=130 loss=5.7651
[train] step=140 loss=5.7018
[train] step=150 loss=5.3609
[train] step=160 loss=5.2596
[train] step=170 loss=5.3668
[train] step=180 loss=4.5197
[train] step=190 loss=4.4586
[train] step=200 loss=4.7158
{
  "variant": "plain",
  "seed": 0,
  "device": "cuda",
  "dtype": "float32",
  "block_size": 128,
  "batch_size": 2,
  "max_train_steps": 200,
  "parameter_count": 13088160,
  "train_loss": 6.999864661693573,
  "train_ppl": 1096.4847519967898,
  "train_tokens_per_second": 1594.2504691456436,
  "train_step_time_ms": 160.57702660560608,
  "val_loss": 8.487266964382595,
  "val_ppl": 4852.585644175362,
  "eval_tokens_per_second": 74423.124940881,
  "eval_step_time_ms": 3.2486915588378906
}

==> python train_wikitext103.py --variant always_attention --seed 0 --output-json results/200step_confirm/wikitext103_always_attention_seed0.json --dataset-name wikitext --dataset-config wikitext-103-raw-v1 --tokenizer EleutherAI/gpt-neox-20b --device cuda --dtype float32 --d-model 128 --n-layer 2 --d-state 32 --headdim 32 --expand 2 --block-size 128 --batch-size 2 --eval-batch-size 2 --max-train-steps 200 --max-eval-batches 10 --train-text-samples 100 --val-text-samples 50 --max-train-tokens 8192 --max-val-tokens 4096 --learning-rate 3e-4
[train] step=10 loss=10.7898
[train] step=20 loss=10.3023
[train] step=30 loss=9.8570
[train] step=40 loss=9.2681
[train] step=50 loss=8.7371
[train] step=60 loss=8.2266
[train] step=70 loss=7.6124
[train] step=80 loss=7.4137
[train] step=90 loss=7.4170
[train] step=100 loss=6.9598
[train] step=110 loss=6.6228
[train] step=120 loss=6.6605
[train] step=130 loss=6.3986
[train] step=140 loss=6.6007
[train] step=150 loss=6.1833
[train] step=160 loss=6.1897
[train] step=170 loss=6.2659
[train] step=180 loss=5.6561
[train] step=190 loss=5.5223
[train] step=200 loss=5.8467
{
  "variant": "always_attention",
  "seed": 0,
  "device": "cuda",
  "dtype": "float32",
  "block_size": 128,
  "batch_size": 2,
  "max_train_steps": 200,
  "parameter_count": 13220772,
  "train_loss": 7.5332223582267765,
  "train_ppl": 1869.118780165644,
  "train_tokens_per_second": 1522.7379932453593,
  "train_step_time_ms": 168.11821937561035,
  "val_loss": 8.561159557766384,
  "val_ppl": 5224.736044544318,
  "eval_tokens_per_second": 10752.763065409814,
  "eval_step_time_ms": 22.48517672220866,
  "num_layers_with_stats": 2.0,
  "mean_attention_trigger_rate": 1.0,
  "mean_active_fraction": 1.0,
  "mean_halted_fraction": 0.0,
  "mean_halt_step": 2.0,
  "mean_executed_steps": 2.0,
  "mean_halt_step_by_position": [
    2.0,
    2.0,
    2.0,
    2.0,
    2.0,
    2.0,
    2.0,
    2.0,
    2.0,
    2.0,
    2.0,
    2.0,
    2.0,
    2.0,
    2.0,
    2.0,
    2.0,
    2.0,
    2.0,
    2.0,
    2.0,
    2.0,
    2.0,
    2.0,
    2.0,
    2.0,
    2.0,
    2.0,
    2.0,
    2.0,
    2.0,
    2.0,
    2.0,
    2.0,
    2.0,
    2.0,
    2.0,
    2.0,
    2.0,
    2.0,
    2.0,
    2.0,
    2.0,
    2.0,
    2.0,
    2.0,
    2.0,
    2.0,
    2.0,
    2.0,
    2.0,
    2.0,
    2.0,
    2.0,
    2.0,
    2.0,
    2.0,
    2.0,
    2.0,
    2.0,
    2.0,
    2.0,
    2.0,
    2.0,
    2.0,
    2.0,
    2.0,
    2.0,
    2.0,
    2.0,
    2.0,
    2.0,
    2.0,
    2.0,
    2.0,
    2.0,
    2.0,
    2.0,
    2.0,
    2.0,
    2.0,
    2.0,
    2.0,
    2.0,
    2.0,
    2.0,
    2.0,
    2.0,
    2.0,
    2.0,
    2.0,
    2.0,
    2.0,
    2.0,
    2.0,
    2.0,
    2.0,
    2.0,
    2.0,
    2.0,
    2.0,
    2.0,
    2.0,
    2.0,
    2.0,
    2.0,
    2.0,
    2.0,
    2.0,
    2.0,
    2.0,
    2.0,
    2.0,
    2.0,
    2.0,
    2.0,
    2.0,
    2.0,
    2.0,
    2.0,
    2.0,
    2.0,
    2.0,
    2.0,
    2.0,
    2.0,
    2.0,
    2.0
  ],
  "halted_fraction_by_position": [
    0.0,
    0.0,
    0.0,
    0.0,
    0.0,
    0.0,
    0.0,
    0.0,
    0.0,
    0.0,
    0.0,
    0.0,
    0.0,
    0.0,
    0.0,
    0.0,
    0.0,
    0.0,
    0.0,
    0.0,
    0.0,
    0.0,
    0.0,
    0.0,
    0.0,
    0.0,
    0.0,
    0.0,
    0.0,
    0.0,
    0.0,
    0.0,
    0.0,
    0.0,
    0.0,
    0.0,
    0.0,
    0.0,
    0.0,
    0.0,
    0.0,
    0.0,
    0.0,
    0.0,
    0.0,
    0.0,
    0.0,
    0.0,
    0.0,
    0.0,
    0.0,
    0.0,
    0.0,
    0.0,
    0.0,
    0.0,
    0.0,
    0.0,
    0.0,
    0.0,
    0.0,
    0.0,
    0.0,
    0.0,
    0.0,
    0.0,
    0.0,
    0.0,
    0.0,
    0.0,
    0.0,
    0.0,
    0.0,
    0.0,
    0.0,
    0.0,
    0.0,
    0.0,
    0.0,
    0.0,
    0.0,
    0.0,
    0.0,
    0.0,
    0.0,
    0.0,
    0.0,
    0.0,
    0.0,
    0.0,
    0.0,
    0.0,
    0.0,
    0.0,
    0.0,
    0.0,
    0.0,
    0.0,
    0.0,
    0.0,
    0.0,
    0.0,
    0.0,
    0.0,
    0.0,
    0.0,
    0.0,
    0.0,
    0.0,
    0.0,
    0.0,
    0.0,
    0.0,
    0.0,
    0.0,
    0.0,
    0.0,
    0.0,
    0.0,
    0.0,
    0.0,
    0.0,
    0.0,
    0.0,
    0.0,
    0.0,
    0.0,
    0.0
  ]
}

==> python train_wikitext103.py --variant halting_only --halt-threshold 0.7 --seed 0 --output-json results/200step_confirm/wikitext103_halting_only_h07_seed0.json --dataset-name wikitext --dataset-config wikitext-103-raw-v1 --tokenizer EleutherAI/gpt-neox-20b --device cuda --dtype float32 --d-model 128 --n-layer 2 --d-state 32 --headdim 32 --expand 2 --block-size 128 --batch-size 2 --eval-batch-size 2 --max-train-steps 200 --max-eval-batches 10 --train-text-samples 100 --val-text-samples 50 --max-train-tokens 8192 --max-val-tokens 4096 --learning-rate 3e-4
[train] step=10 loss=10.8574
[train] step=20 loss=10.7038
[train] step=30 loss=10.3763
[train] step=40 loss=9.5904
[train] step=50 loss=9.0354
[train] step=60 loss=8.4710
[train] step=70 loss=7.9129
[train] step=80 loss=7.5301
[train] step=90 loss=7.4139
[train] step=100 loss=6.9823
[train] step=110 loss=6.6767
[train] step=120 loss=6.6279
[train] step=130 loss=6.4216
[train] step=140 loss=6.5320
[train] step=150 loss=6.0632
[train] step=160 loss=6.1420
[train] step=170 loss=6.2518
[train] step=180 loss=5.4960
[train] step=190 loss=5.3992
[train] step=200 loss=5.8586
{
  "variant": "halting_only",
  "seed": 0,
  "device": "cuda",
  "dtype": "float32",
  "block_size": 128,
  "batch_size": 2,
  "max_train_steps": 200,
  "parameter_count": 13088676,
  "train_loss": 7.6345802545547485,
  "train_ppl": 2068.5026242109793,
  "train_tokens_per_second": 1582.1686270849145,
  "train_step_time_ms": 161.80323362350464,
  "val_loss": 8.602670139736599,
  "val_ppl": 5446.182261624574,
  "eval_tokens_per_second": 21494.611522600793,
  "eval_step_time_ms": 11.248297161526152,
  "num_layers_with_stats": 2.0,
  "mean_attention_trigger_rate": 0.0,
  "mean_active_fraction": 0.9690755208333334,
  "mean_halted_fraction": 0.030924479166666668,
  "mean_halt_step": 1.9698350694444444,
  "mean_executed_steps": 2.0,
  "mean_halt_step_by_position": [
    1.9722222089767456,
    1.8888888359069824,
    1.9722222089767456,
    1.9722222089767456,
    2.0,
    1.9444444179534912,
    1.9444444179534912,
    1.9444444179534912,
    1.9444444179534912,
    1.9722222089767456,
    1.9444444179534912,
    1.9722222089767456,
    1.9722222089767456,
    1.9722222089767456,
    2.0,
    1.9722222089767456,
    2.0,
    1.9722222089767456,
    1.9722222089767456,
    2.0,
    1.9444444179534912,
    1.9722222089767456,
    1.9444444179534912,
    2.0,
    2.0,
    1.9166666269302368,
    2.0,
    2.0,
    2.0,
    1.9444444179534912,
    2.0,
    2.0,
    1.9444444179534912,
    2.0,
    1.8888888359069824,
    2.0,
    1.9722222089767456,
    2.0,
    1.9722222089767456,
    1.9444444179534912,
    2.0,
    2.0,
    1.9722222089767456,
    1.9722222089767456,
    1.9166666269302368,
    1.9444444179534912,
    1.9722222089767456,
    2.0,
    2.0,
    2.0,
    1.9722222089767456,
    1.8611111640930176,
    1.9444444179534912,
    1.9444444179534912,
    1.9444444179534912,
    2.0,
    2.0,
    2.0,
    1.9722222089767456,
    1.9722222089767456,
    1.9722222089767456,
    1.9722222089767456,
    1.9722222089767456,
    2.0,
    2.0,
    1.9444444179534912,
    1.9722222089767456,
    1.9166666269302368,
    1.9722222089767456,
    1.9722222089767456,
    1.9166666269302368,
    2.0,
    2.0,
    2.0,
    2.0,
    2.0,
    1.9444444179534912,
    2.0,
    2.0,
    1.9722222089767456,
    1.9444444179534912,
    2.0,
    1.9722222089767456,
    1.9444444179534912,
    2.0,
    1.9722222089767456,
    1.8611111640930176,
    1.9722222089767456,
    1.9166666269302368,
    1.9722222089767456,
    1.9444444179534912,
    1.9444444179534912,
    1.9722222089767456,
    2.0,
    1.9722222089767456,
    1.9166666269302368,
    2.0,
    1.9722222089767456,
    2.0,
    1.9444444179534912,
    2.0,
    1.9166666269302368,
    2.0,
    2.0,
    2.0,
    1.9444444179534912,
    2.0,
    1.9444444179534912,
    2.0,
    1.9444444179534912,
    1.9444444179534912,
    2.0,
    2.0,
    2.0,
    1.9444444179534912,
    1.8888888359069824,
    1.9444444179534912,
    2.0,
    1.9722222089767456,
    1.9722222089767456,
    1.9722222089767456,
    2.0,
    1.9444444179534912,
    1.9722222089767456,
    1.9722222089767456,
    2.0,
    1.9722222089767456,
    1.9722222089767456
  ],
  "halted_fraction_by_position": [
    0.02777777798473835,
    0.1111111119389534,
    0.02777777798473835,
    0.02777777798473835,
    0.0,
    0.0555555559694767,
    0.0555555559694767,
    0.0555555559694767,
    0.0555555559694767,
    0.02777777798473835,
    0.0555555559694767,
    0.02777777798473835,
    0.02777777798473835,
    0.02777777798473835,
    0.0,
    0.02777777798473835,
    0.0,
    0.02777777798473835,
    0.02777777798473835,
    0.0,
    0.0555555559694767,
    0.02777777798473835,
    0.0555555559694767,
    0.0,
    0.0,
    0.0833333358168602,
    0.0,
    0.0,
    0.0,
    0.0555555559694767,
    0.0,
    0.0,
    0.0555555559694767,
    0.0,
    0.1111111119389534,
    0.0,
    0.02777777798473835,
    0.0,
    0.02777777798473835,
    0.0555555559694767,
    0.0,
    0.0,
    0.02777777798473835,
    0.02777777798473835,
    0.0833333358168602,
    0.0555555559694767,
    0.02777777798473835,
    0.0,
    0.0,
    0.0,
    0.0416666679084301,
    0.1527777761220932,
    0.0555555559694767,
    0.0555555559694767,
    0.0555555559694767,
    0.0,
    0.013888888992369175,
    0.0,
    0.02777777798473835,
    0.02777777798473835,
    0.02777777798473835,
    0.0416666679084301,
    0.0416666679084301,
    0.0,
    0.0,
    0.0555555559694767,
    0.02777777798473835,
    0.0833333358168602,
    0.02777777798473835,
    0.02777777798473835,
    0.0833333358168602,
    0.0,
    0.0,
    0.0,
    0.0,
    0.0,
    0.0555555559694767,
    0.0,
    0.0,
    0.02777777798473835,
    0.0555555559694767,
    0.0,
    0.02777777798473835,
    0.0555555559694767,
    0.0,
    0.02777777798473835,
    0.1388888955116272,
    0.02777777798473835,
    0.0833333358168602,
    0.02777777798473835,
    0.0555555559694767,
    0.0555555559694767,
    0.02777777798473835,
    0.0,
    0.02777777798473835,
    0.0833333358168602,
    0.0,
    0.02777777798473835,
    0.0,
    0.0555555559694767,
    0.0,
    0.0833333358168602,
    0.0,
    0.0,
    0.0,
    0.0555555559694767,
    0.0,
    0.0555555559694767,
    0.0,
    0.0555555559694767,
    0.0555555559694767,
    0.0,
    0.0,
    0.0,
    0.0555555559694767,
    0.125,
    0.0555555559694767,
    0.0,
    0.02777777798473835,
    0.02777777798473835,
    0.0416666679084301,
    0.0,
    0.0555555559694767,
    0.02777777798473835,
    0.02777777798473835,
    0.0,
    0.02777777798473835,
    0.02777777798473835
  ]
}

==> python train_wikitext103.py --variant full --halt-threshold 0.7 --router-threshold 0.5 --router-temperature 1.0 --seed 0 --output-json results/200step_confirm/wikitext103_full_h07_seed0.json --dataset-name wikitext --dataset-config wikitext-103-raw-v1 --tokenizer EleutherAI/gpt-neox-20b --device cuda --dtype float32 --d-model 128 --n-layer 2 --d-state 32 --headdim 32 --expand 2 --block-size 128 --batch-size 2 --eval-batch-size 2 --max-train-steps 200 --max-eval-batches 10 --train-text-samples 100 --val-text-samples 50 --max-train-tokens 8192 --max-val-tokens 4096 --learning-rate 3e-4
[train] step=10 loss=10.8507
[train] step=20 loss=10.7122
[train] step=30 loss=10.6097
[train] step=40 loss=9.9418
[train] step=50 loss=9.5617
[train] step=60 loss=9.1365
[train] step=70 loss=8.4412
[train] step=80 loss=7.8470
[train] step=90 loss=7.7488
[train] step=100 loss=7.2651
[train] step=110 loss=6.7649
[train] step=120 loss=6.6462
[train] step=130 loss=6.4374
[train] step=140 loss=6.4915
[train] step=150 loss=6.1922
[train] step=160 loss=6.1710
[train] step=170 loss=6.3971
[train] step=180 loss=5.7113
[train] step=190 loss=5.7558
[train] step=200 loss=5.9461
{
  "variant": "full",
  "seed": 0,
  "device": "cuda",
  "dtype": "float32",
  "block_size": 128,
  "batch_size": 2,
  "max_train_steps": 200,
  "parameter_count": 13220772,
  "train_loss": 7.850763478279114,
  "train_ppl": 2567.693947228111,
  "train_tokens_per_second": 1531.385816950316,
  "train_step_time_ms": 167.1688461303711,
  "val_loss": 8.597647137112087,
  "val_ppl": 5418.894664041415,
  "eval_tokens_per_second": 26296.046444757532,
  "eval_step_time_ms": 9.194453557332357,
  "num_layers_with_stats": 2.0,
  "mean_attention_trigger_rate": 0.5555555555555556,
  "mean_active_fraction": 0.5609809027777778,
  "mean_halted_fraction": 0.4390190972222222,
  "mean_halt_step": 1.65234375,
  "mean_executed_steps": 2.0,
  "mean_halt_step_by_position": [
    1.6111111640930176,
    1.6666666269302368,
    1.6666666269302368,
    1.6388888359069824,
    1.6388888359069824,
    1.6666666269302368,
    1.6111111640930176,
    1.6111111640930176,
    1.6111111640930176,
    1.6666666269302368,
    1.6388888359069824,
    1.6944444179534912,
    1.5555555820465088,
    1.6666666269302368,
    1.5833333730697632,
    1.6666666269302368,
    1.5833333730697632,
    1.6666666269302368,
    1.6111111640930176,
    1.6666666269302368,
    1.7222222089767456,
    1.6111111640930176,
    1.6666666269302368,
    1.6388888359069824,
    1.5833333730697632,
    1.75,
    1.6666666269302368,
    1.5833333730697632,
    1.6388888359069824,
    1.6388888359069824,
    1.7222222089767456,
    1.5555555820465088,
    1.5833333730697632,
    1.5833333730697632,
    1.6388888359069824,
    1.6666666269302368,
    1.5833333730697632,
    1.6388888359069824,
    1.6666666269302368,
    1.6666666269302368,
    1.5833333730697632,
    1.7777777910232544,
    1.8333333730697632,
    1.5555555820465088,
    1.7222222089767456,
    1.6944444179534912,
    1.6111111640930176,
    1.6388888359069824,
    1.7222222089767456,
    1.7222222089767456,
    1.7222222089767456,
    1.6111111640930176,
    1.6388888359069824,
    1.6388888359069824,
    1.7777777910232544,
    1.5555555820465088,
    1.6388888359069824,
    1.6111111640930176,
    1.7222222089767456,
    1.6111111640930176,
    1.6111111640930176,
    1.6944444179534912,
    1.6388888359069824,
    1.5833333730697632,
    1.6944444179534912,
    1.6111111640930176,
    1.75,
    1.6666666269302368,
    1.5833333730697632,
    1.5,
    1.6388888359069824,
    1.5833333730697632,
    1.7222222089767456,
    1.6388888359069824,
    1.5833333730697632,
    1.6111111640930176,
    1.6944444179534912,
    1.6388888359069824,
    1.7777777910232544,
    1.6666666269302368,
    1.75,
    1.6666666269302368,
    1.6944444179534912,
    1.6666666269302368,
    1.6111111640930176,
    1.7222222089767456,
    1.6666666269302368,
    1.6944444179534912,
    1.6111111640930176,
    1.6388888359069824,
    1.6388888359069824,
    1.6944444179534912,
    1.6944444179534912,
    1.6388888359069824,
    1.6388888359069824,
    1.6944444179534912,
    1.6111111640930176,
    1.6666666269302368,
    1.6388888359069824,
    1.75,
    1.6388888359069824,
    1.6388888359069824,
    1.7222222089767456,
    1.6111111640930176,
    1.8055555820465088,
    1.75,
    1.5833333730697632,
    1.6388888359069824,
    1.6666666269302368,
    1.6944444179534912,
    1.6111111640930176,
    1.6111111640930176,
    1.6388888359069824,
    1.6111111640930176,
    1.5277777910232544,
    1.6111111640930176,
    1.6388888359069824,
    1.6666666269302368,
    1.6388888359069824,
    1.6111111640930176,
    1.6944444179534912,
    1.6388888359069824,
    1.6388888359069824,
    1.7222222089767456,
    1.7222222089767456,
    1.6111111640930176,
    1.7222222089767456,
    1.6388888359069824
  ],
  "halted_fraction_by_position": [
    0.4027777910232544,
    0.3333333432674408,
    0.3333333432674408,
    0.4027777910232544,
    0.375,
    0.3611111044883728,
    0.4583333432674408,
    0.4305555522441864,
    0.4027777910232544,
    0.3888888955116272,
    0.4305555522441864,
    0.3611111044883728,
    0.5138888955116272,
    0.3888888955116272,
    0.4722222089767456,
    0.3611111044883728,
    0.4305555522441864,
    0.4027777910232544,
    0.4722222089767456,
    0.3611111044883728,
    0.3055555522441864,
    0.4166666567325592,
    0.4305555522441864,
    0.4027777910232544,
    0.4444444477558136,
    0.3472222089767456,
    0.4444444477558136,
    0.4444444477558136,
    0.375,
    0.4027777910232544,
    0.3055555522441864,
    0.5277777910232544,
    0.5,
    0.4305555522441864,
    0.4444444477558136,
    0.4166666567325592,
    0.5,
    0.4027777910232544,
    0.4027777910232544,
    0.4166666567325592,
    0.4861111044883728,
    0.3611111044883728,
    0.25,
    0.4583333432674408,
    0.3472222089767456,
    0.4583333432674408,
    0.5555555820465088,
    0.4583333432674408,
    0.3333333432674408,
    0.3611111044883728,
    0.3888888955116272,
    0.4722222089767456,
    0.4166666567325592,
    0.4861111044883728,
    0.3333333432674408,
    0.5555555820465088,
    0.4861111044883728,
    0.5694444179534912,
    0.3611111044883728,
    0.4861111044883728,
    0.4583333432674408,
    0.3472222089767456,
    0.4444444477558136,
    0.4305555522441864,
    0.375,
    0.4861111044883728,
    0.2777777910232544,
    0.4444444477558136,
    0.4583333432674408,
    0.6388888955116272,
    0.4722222089767456,
    0.4722222089767456,
    0.3472222089767456,
    0.5138888955116272,
    0.5,
    0.4861111044883728,
    0.3888888955116272,
    0.4583333432674408,
    0.375,
    0.4444444477558136,
    0.3888888955116272,
    0.4444444477558136,
    0.3472222089767456,
    0.4722222089767456,
    0.5138888955116272,
    0.375,
    0.4722222089767456,
    0.4166666567325592,
    0.4861111044883728,
    0.4722222089767456,
    0.4722222089767456,
    0.4166666567325592,
    0.4027777910232544,
    0.4444444477558136,
    0.5,
    0.4166666567325592,
    0.5277777910232544,
    0.4166666567325592,
    0.4861111044883728,
    0.3888888955116272,
    0.4583333432674408,
    0.5,
    0.4583333432674408,
    0.4861111044883728,
    0.3333333432674408,
    0.4027777910232544,
    0.5416666865348816,
    0.4861111044883728,
    0.4861111044883728,
    0.4444444477558136,
    0.4444444477558136,
    0.5694444179534912,
    0.4861111044883728,
    0.4861111044883728,
    0.6111111044883728,
    0.4305555522441864,
    0.5694444179534912,
    0.4861111044883728,
    0.5,
    0.5138888955116272,
    0.4444444477558136,
    0.5416666865348816,
    0.4166666567325592,
    0.5,
    0.5,
    0.5277777910232544,
    0.3611111044883728,
    0.4583333432674408
  ]
}

==> python train_wikitext103.py --variant plain --seed 1 --output-json results/200step_confirm/wikitext103_plain_seed1.json --dataset-name wikitext --dataset-config wikitext-103-raw-v1 --tokenizer EleutherAI/gpt-neox-20b --device cuda --dtype float32 --d-model 128 --n-layer 2 --d-state 32 --headdim 32 --expand 2 --block-size 128 --batch-size 2 --eval-batch-size 2 --max-train-steps 200 --max-eval-batches 10 --train-text-samples 100 --val-text-samples 50 --max-train-tokens 8192 --max-val-tokens 4096 --learning-rate 3e-4
[train] step=10 loss=10.8337
[train] step=20 loss=10.5195
[train] step=30 loss=10.2033
[train] step=40 loss=9.2240
[train] step=50 loss=8.6120
[train] step=60 loss=7.7605
[train] step=70 loss=7.5319
[train] step=80 loss=7.0677
[train] step=90 loss=6.3604
[train] step=100 loss=5.9071
[train] step=110 loss=5.7676
[train] step=120 loss=5.8919
[train] step=130 loss=5.8855
[train] step=140 loss=5.7450
[train] step=150 loss=5.0974
[train] step=160 loss=5.2183
[train] step=170 loss=4.6669
[train] step=180 loss=5.0448
[train] step=190 loss=4.8612
[train] step=200 loss=5.1917
{
  "variant": "plain",
  "seed": 1,
  "device": "cuda",
  "dtype": "float32",
  "block_size": 128,
  "batch_size": 2,
  "max_train_steps": 200,
  "parameter_count": 13088160,
  "train_loss": 7.040827369689941,
  "train_ppl": 1142.332346910011,
  "train_tokens_per_second": 1547.5978554475953,
  "train_step_time_ms": 165.41764974594116,
  "val_loss": 8.391824510362413,
  "val_ppl": 4410.858013330986,
  "eval_tokens_per_second": 82609.72931092224,
  "eval_step_time_ms": 2.9267470041910806
}

==> python train_wikitext103.py --variant always_attention --seed 1 --output-json results/200step_confirm/wikitext103_always_attention_seed1.json --dataset-name wikitext --dataset-config wikitext-103-raw-v1 --tokenizer EleutherAI/gpt-neox-20b --device cuda --dtype float32 --d-model 128 --n-layer 2 --d-state 32 --headdim 32 --expand 2 --block-size 128 --batch-size 2 --eval-batch-size 2 --max-train-steps 200 --max-eval-batches 10 --train-text-samples 100 --val-text-samples 50 --max-train-tokens 8192 --max-val-tokens 4096 --learning-rate 3e-4
[train] step=10 loss=10.8790
[train] step=20 loss=10.3274
[train] step=30 loss=9.7302
[train] step=40 loss=9.3331
[train] step=50 loss=8.6272
[train] step=60 loss=7.9687
[train] step=70 loss=7.6731
[train] step=80 loss=7.2331
[train] step=90 loss=6.8638
[train] step=100 loss=6.7713
[train] step=110 loss=6.6501
[train] step=120 loss=6.5501
[train] step=130 loss=nan
[train] step=140 loss=nan
[train] step=150 loss=nan
[train] step=160 loss=nan
[train] step=170 loss=nan
[train] step=180 loss=nan
[train] step=190 loss=nan
[train] step=200 loss=nan
{
  "variant": "always_attention",
  "seed": 1,
  "device": "cuda",
  "dtype": "float32",
  "block_size": 128,
  "batch_size": 2,
  "max_train_steps": 200,
  "parameter_count": 13220772,
  "train_loss": NaN,
  "train_ppl": NaN,
  "train_tokens_per_second": 1520.8261737402643,
  "train_step_time_ms": 168.32955956459045,
  "val_loss": NaN,
  "val_ppl": NaN,
  "eval_tokens_per_second": 28119.249800508358,
  "eval_step_time_ms": 8.598301145765516,
  "num_layers_with_stats": 2.0,
  "mean_attention_trigger_rate": 0.0,
  "mean_active_fraction": 1.0,
  "mean_halted_fraction": 0.0,
  "mean_halt_step": 2.0,
  "mean_executed_steps": 2.0,
  "mean_halt_step_by_position": [
    2.0,
    2.0,
    2.0,
    2.0,
    2.0,
    2.0,
    2.0,
    2.0,
    2.0,
    2.0,
    2.0,
    2.0,
    2.0,
    2.0,
    2.0,
    2.0,
    2.0,
    2.0,
    2.0,
    2.0,
    2.0,
    2.0,
    2.0,
    2.0,
    2.0,
    2.0,
    2.0,
    2.0,
    2.0,
    2.0,
    2.0,
    2.0,
    2.0,
    2.0,
    2.0,
    2.0,
    2.0,
    2.0,
    2.0,
    2.0,
    2.0,
    2.0,
    2.0,
    2.0,
    2.0,
    2.0,
    2.0,
    2.0,
    2.0,
    2.0,
    2.0,
    2.0,
    2.0,
    2.0,
    2.0,
    2.0,
    2.0,
    2.0,
    2.0,
    2.0,
    2.0,
    2.0,
    2.0,
    2.0,
    2.0,
    2.0,
    2.0,
    2.0,
    2.0,
    2.0,
    2.0,
    2.0,
    2.0,
    2.0,
    2.0,
    2.0,
    2.0,
    2.0,
    2.0,
    2.0,
    2.0,
    2.0,
    2.0,
    2.0,
    2.0,
    2.0,
    2.0,
    2.0,
    2.0,
    2.0,
    2.0,
    2.0,
    2.0,
    2.0,
    2.0,
    2.0,
    2.0,
    2.0,
    2.0,
    2.0,
    2.0,
    2.0,
    2.0,
    2.0,
    2.0,
    2.0,
    2.0,
    2.0,
    2.0,
    2.0,
    2.0,
    2.0,
    2.0,
    2.0,
    2.0,
    2.0,
    2.0,
    2.0,
    2.0,
    2.0,
    2.0,
    2.0,
    2.0,
    2.0,
    2.0,
    2.0,
    2.0,
    2.0
  ],
  "halted_fraction_by_position": [
    0.0,
    0.0,
    0.0,
    0.0,
    0.0,
    0.0,
    0.0,
    0.0,
    0.0,
    0.0,
    0.0,
    0.0,
    0.0,
    0.0,
    0.0,
    0.0,
    0.0,
    0.0,
    0.0,
    0.0,
    0.0,
    0.0,
    0.0,
    0.0,
    0.0,
    0.0,
    0.0,
    0.0,
    0.0,
    0.0,
    0.0,
    0.0,
    0.0,
    0.0,
    0.0,
    0.0,
    0.0,
    0.0,
    0.0,
    0.0,
    0.0,
    0.0,
    0.0,
    0.0,
    0.0,
    0.0,
    0.0,
    0.0,
    0.0,
    0.0,
    0.0,
    0.0,
    0.0,
    0.0,
    0.0,
    0.0,
    0.0,
    0.0,
    0.0,
    0.0,
    0.0,
    0.0,
    0.0,
    0.0,
    0.0,
    0.0,
    0.0,
    0.0,
    0.0,
    0.0,
    0.0,
    0.0,
    0.0,
    0.0,
    0.0,
    0.0,
    0.0,
    0.0,
    0.0,
    0.0,
    0.0,
    0.0,
    0.0,
    0.0,
    0.0,
    0.0,
    0.0,
    0.0,
    0.0,
    0.0,
    0.0,
    0.0,
    0.0,
    0.0,
    0.0,
    0.0,
    0.0,
    0.0,
    0.0,
    0.0,
    0.0,
    0.0,
    0.0,
    0.0,
    0.0,
    0.0,
    0.0,
    0.0,
    0.0,
    0.0,
    0.0,
    0.0,
    0.0,
    0.0,
    0.0,
    0.0,
    0.0,
    0.0,
    0.0,
    0.0,
    0.0,
    0.0,
    0.0,
    0.0,
    0.0,
    0.0,
    0.0,
    0.0
  ]
}

==> python train_wikitext103.py --variant halting_only --halt-threshold 0.7 --seed 1 --output-json results/200step_confirm/wikitext103_halting_only_h07_seed1.json --dataset-name wikitext --dataset-config wikitext-103-raw-v1 --tokenizer EleutherAI/gpt-neox-20b --device cuda --dtype float32 --d-model 128 --n-layer 2 --d-state 32 --headdim 32 --expand 2 --block-size 128 --batch-size 2 --eval-batch-size 2 --max-train-steps 200 --max-eval-batches 10 --train-text-samples 100 --val-text-samples 50 --max-train-tokens 8192 --max-val-tokens 4096 --learning-rate 3e-4
[train] step=10 loss=10.9583
[train] step=20 loss=10.8301
[train] step=30 loss=10.7287
[train] step=40 loss=10.0065
[train] step=50 loss=9.6070
[train] step=60 loss=8.6666
[train] step=70 loss=8.2047
[train] step=80 loss=7.6034
[train] step=90 loss=7.1128
[train] step=100 loss=6.9026
[train] step=110 loss=6.7291
[train] step=120 loss=6.6343
[train] step=130 loss=6.5222
[train] step=140 loss=6.5907
[train] step=150 loss=5.9976
[train] step=160 loss=6.2105
[train] step=170 loss=5.8255
[train] step=180 loss=6.1219
[train] step=190 loss=5.9722
[train] step=200 loss=6.2594
{
  "variant": "halting_only",
  "seed": 1,
  "device": "cuda",
  "dtype": "float32",
  "block_size": 128,
  "batch_size": 2,
  "max_train_steps": 200,
  "parameter_count": 13088676,
  "train_loss": 7.776108181476593,
  "train_ppl": 2382.9826145958364,
  "train_tokens_per_second": 1555.1441874770683,
  "train_step_time_ms": 164.61496114730835,
  "val_loss": 8.65568987528483,
  "val_ppl": 5742.72936417411,
  "eval_tokens_per_second": 30030.585666481307,
  "eval_step_time_ms": 8.05105103386773,
  "num_layers_with_stats": 2.0,
  "mean_attention_trigger_rate": 0.0,
  "mean_active_fraction": 0.9395616319444444,
  "mean_halted_fraction": 0.06043836805555555,
  "mean_halt_step": 1.955078125,
  "mean_executed_steps": 2.0,
  "mean_halt_step_by_position": [
    1.9166666269302368,
    1.8888888359069824,
    2.0,
    1.9166666269302368,
    1.8888888359069824,
    1.8611111640930176,
    1.9166666269302368,
    1.9444444179534912,
    1.9722222089767456,
    1.9722222089767456,
    1.8888888359069824,
    1.9444444179534912,
    1.8333333730697632,
    1.9722222089767456,
    1.9166666269302368,
    1.9166666269302368,
    1.9444444179534912,
    2.0,
    1.9166666269302368,
    1.8333333730697632,
    1.9166666269302368,
    1.9722222089767456,
    1.9166666269302368,
    1.9722222089767456,
    1.9722222089767456,
    1.9444444179534912,
    1.9722222089767456,
    1.9722222089767456,
    2.0,
    1.9722222089767456,
    1.9444444179534912,
    1.9444444179534912,
    1.9722222089767456,
    1.9166666269302368,
    1.9722222089767456,
    2.0,
    2.0,
    1.9166666269302368,
    1.9722222089767456,
    1.8888888359069824,
    2.0,
    1.9166666269302368,
    2.0,
    2.0,
    1.9722222089767456,
    1.9722222089767456,
    2.0,
    1.9166666269302368,
    1.9444444179534912,
    2.0,
    2.0,
    2.0,
    1.9444444179534912,
    1.9722222089767456,
    1.9722222089767456,
    1.9722222089767456,
    2.0,
    1.9722222089767456,
    1.9722222089767456,
    1.9722222089767456,
    1.8611111640930176,
    1.9444444179534912,
    1.9444444179534912,
    2.0,
    1.9722222089767456,
    1.9722222089767456,
    1.9444444179534912,
    1.9722222089767456,
    2.0,
    2.0,
    1.9722222089767456,
    1.9722222089767456,
    2.0,
    1.9722222089767456,
    1.9722222089767456,
    1.9444444179534912,
    1.9722222089767456,
    2.0,
    1.9722222089767456,
    1.9722222089767456,
    1.9166666269302368,
    2.0,
    1.9444444179534912,
    2.0,
    1.9166666269302368,
    1.9166666269302368,
    1.9722222089767456,
    1.9166666269302368,
    2.0,
    1.9444444179534912,
    2.0,
    2.0,
    1.9444444179534912,
    1.9166666269302368,
    1.9444444179534912,
    1.9722222089767456,
    1.9444444179534912,
    2.0,
    1.9444444179534912,
    1.9722222089767456,
    1.8333333730697632,
    2.0,
    1.9444444179534912,
    1.9722222089767456,
    1.8611111640930176,
    1.9722222089767456,
    1.9166666269302368,
    1.9166666269302368,
    1.9444444179534912,
    1.9166666269302368,
    1.9722222089767456,
    1.9722222089767456,
    1.9722222089767456,
    1.9444444179534912,
    1.9166666269302368,
    1.9722222089767456,
    2.0,
    1.9722222089767456,
    2.0,
    1.9444444179534912,
    1.9722222089767456,
    1.9444444179534912,
    1.9722222089767456,
    1.8888888359069824,
    2.0,
    1.9722222089767456,
    1.9444444179534912,
    2.0
  ],
  "halted_fraction_by_position": [
    0.0833333358168602,
    0.1111111119389534,
    0.0,
    0.0833333358168602,
    0.1111111119389534,
    0.1388888955116272,
    0.0833333358168602,
    0.0555555559694767,
    0.02777777798473835,
    0.02777777798473835,
    0.1111111119389534,
    0.0555555559694767,
    0.1666666716337204,
    0.02777777798473835,
    0.0833333358168602,
    0.1111111119389534,
    0.0555555559694767,
    0.0,
    0.0833333358168602,
    0.1666666716337204,
    0.0833333358168602,
    0.02777777798473835,
    0.0833333358168602,
    0.0416666679084301,
    0.02777777798473835,
    0.0833333358168602,
    0.02777777798473835,
    0.02777777798473835,
    0.0,
    0.02777777798473835,
    0.0555555559694767,
    0.0555555559694767,
    0.0555555559694767,
    0.0833333358168602,
    0.0555555559694767,
    0.0,
    0.0,
    0.0972222238779068,
    0.02777777798473835,
    0.125,
    0.0,
    0.1111111119389534,
    0.0,
    0.0,
    0.0555555559694767,
    0.0416666679084301,
    0.0416666679084301,
    0.1111111119389534,
    0.0555555559694767,
    0.02777777798473835,
    0.0,
    0.0,
    0.0694444477558136,
    0.0416666679084301,
    0.02777777798473835,
    0.02777777798473835,
    0.013888888992369175,
    0.0555555559694767,
    0.0416666679084301,
    0.0416666679084301,
    0.1666666716337204,
    0.0555555559694767,
    0.0833333358168602,
    0.0,
    0.02777777798473835,
    0.0833333358168602,
    0.0555555559694767,
    0.0416666679084301,
    0.0416666679084301,
    0.02777777798473835,
    0.0416666679084301,
    0.0694444477558136,
    0.0,
    0.0416666679084301,
    0.0555555559694767,
    0.0555555559694767,
    0.0416666679084301,
    0.02777777798473835,
    0.0416666679084301,
    0.0694444477558136,
    0.0833333358168602,
    0.013888888992369175,
    0.0694444477558136,
    0.013888888992369175,
    0.125,
    0.0972222238779068,
    0.0555555559694767,
    0.125,
    0.02777777798473835,
    0.0833333358168602,
    0.02777777798473835,
    0.0,
    0.0694444477558136,
    0.125,
    0.0694444477558136,
    0.0416666679084301,
    0.0694444477558136,
    0.0694444477558136,
    0.0972222238779068,
    0.0972222238779068,
    0.2083333283662796,
    0.0416666679084301,
    0.0833333358168602,
    0.0694444477558136,
    0.1805555522441864,
    0.0555555559694767,
    0.125,
    0.0833333358168602,
    0.0555555559694767,
    0.125,
    0.0416666679084301,
    0.0694444477558136,
    0.0555555559694767,
    0.0694444477558136,
    0.0972222238779068,
    0.0416666679084301,
    0.013888888992369175,
    0.02777777798473835,
    0.013888888992369175,
    0.0694444477558136,
    0.0694444477558136,
    0.0833333358168602,
    0.0555555559694767,
    0.125,
    0.013888888992369175,
    0.0694444477558136,
    0.0555555559694767,
    0.013888888992369175
  ]
}

==> python train_wikitext103.py --variant full --halt-threshold 0.7 --router-threshold 0.5 --router-temperature 1.0 --seed 1 --output-json results/200step_confirm/wikitext103_full_h07_seed1.json --dataset-name wikitext --dataset-config wikitext-103-raw-v1 --tokenizer EleutherAI/gpt-neox-20b --device cuda --dtype float32 --d-model 128 --n-layer 2 --d-state 32 --headdim 32 --expand 2 --block-size 128 --batch-size 2 --eval-batch-size 2 --max-train-steps 200 --max-eval-batches 10 --train-text-samples 100 --val-text-samples 50 --max-train-tokens 8192 --max-val-tokens 4096 --learning-rate 3e-4
[train] step=10 loss=10.9505
[train] step=20 loss=10.7504
[train] step=30 loss=10.3671
[train] step=40 loss=9.8928
[train] step=50 loss=9.0710
[train] step=60 loss=8.3203
[train] step=70 loss=7.8874
[train] step=80 loss=7.4038
[train] step=90 loss=7.0347
[train] step=100 loss=6.9205
[train] step=110 loss=6.9350
[train] step=120 loss=6.6218
[train] step=130 loss=6.6068
[train] step=140 loss=6.7390
[train] step=150 loss=6.4227
[train] step=160 loss=6.4235
[train] step=170 loss=6.1995
[train] step=180 loss=6.3540
[train] step=190 loss=6.2874
[train] step=200 loss=6.6520
{
  "variant": "full",
  "seed": 1,
  "device": "cuda",
  "dtype": "float32",
  "block_size": 128,
  "batch_size": 2,
  "max_train_steps": 200,
  "parameter_count": 13220772,
  "train_loss": 7.790524983406067,
  "train_ppl": 2417.5864418654605,
  "train_tokens_per_second": 1547.7288234490306,
  "train_step_time_ms": 165.4036521911621,
  "val_loss": 8.583636601765951,
  "val_ppl": 5343.502424886192,
  "eval_tokens_per_second": 24288.082177271917,
  "eval_step_time_ms": 9.954584969414604,
  "num_layers_with_stats": 2.0,
  "mean_attention_trigger_rate": 0.9166666666666666,
  "mean_active_fraction": 0.6804470486111112,
  "mean_halted_fraction": 0.3195529513888889,
  "mean_halt_step": 1.9014756944444444,
  "mean_executed_steps": 2.0,
  "mean_halt_step_by_position": [
    1.9444444179534912,
    1.9444444179534912,
    1.9166666269302368,
    1.9444444179534912,
    1.9444444179534912,
    1.9166666269302368,
    1.9166666269302368,
    1.9722222089767456,
    2.0,
    1.9166666269302368,
    1.9166666269302368,
    1.9444444179534912,
    1.9166666269302368,
    1.9166666269302368,
    1.9444444179534912,
    1.9166666269302368,
    1.9722222089767456,
    1.9444444179534912,
    1.8611111640930176,
    1.9166666269302368,
    2.0,
    1.8888888359069824,
    1.9166666269302368,
    1.9444444179534912,
    1.9166666269302368,
    1.9722222089767456,
    1.9444444179534912,
    1.9722222089767456,
    1.9166666269302368,
    1.9166666269302368,
    2.0,
    1.9722222089767456,
    1.8611111640930176,
    2.0,
    1.9722222089767456,
    1.9166666269302368,
    1.9166666269302368,
    1.9166666269302368,
    1.9722222089767456,
    1.8888888359069824,
    1.8888888359069824,
    1.9166666269302368,
    1.9166666269302368,
    1.9444444179534912,
    1.8888888359069824,
    1.8888888359069824,
    1.8055555820465088,
    1.8611111640930176,
    1.9444444179534912,
    1.8888888359069824,
    1.8888888359069824,
    1.9166666269302368,
    1.9166666269302368,
    1.8611111640930176,
    1.8333333730697632,
    1.8611111640930176,
    1.9444444179534912,
    1.8888888359069824,
    1.9166666269302368,
    1.9166666269302368,
    1.8055555820465088,
    1.9444444179534912,
    1.8888888359069824,
    1.9166666269302368,
    1.9444444179534912,
    1.9166666269302368,
    1.8888888359069824,
    1.8055555820465088,
    1.9166666269302368,
    1.8333333730697632,
    1.8888888359069824,
    1.9722222089767456,
    1.8333333730697632,
    1.8611111640930176,
    1.8611111640930176,
    1.9166666269302368,
    1.9444444179534912,
    1.9722222089767456,
    1.8611111640930176,
    1.8055555820465088,
    1.8888888359069824,
    1.8888888359069824,
    1.9444444179534912,
    1.8055555820465088,
    1.9444444179534912,
    1.9722222089767456,
    1.8888888359069824,
    1.8333333730697632,
    1.8055555820465088,
    1.8888888359069824,
    1.8888888359069824,
    1.8611111640930176,
    1.9166666269302368,
    1.9722222089767456,
    1.9166666269302368,
    1.8333333730697632,
    1.8611111640930176,
    1.8333333730697632,
    1.9444444179534912,
    1.8611111640930176,
    1.8888888359069824,
    1.8055555820465088,
    1.8888888359069824,
    1.9444444179534912,
    1.8888888359069824,
    1.8055555820465088,
    1.9166666269302368,
    1.8333333730697632,
    1.7777777910232544,
    1.9166666269302368,
    2.0,
    1.8611111640930176,
    1.8333333730697632,
    1.8888888359069824,
    1.8611111640930176,
    1.8611111640930176,
    1.8888888359069824,
    1.8611111640930176,
    1.8055555820465088,
    1.8333333730697632,
    1.8611111640930176,
    1.8888888359069824,
    1.8888888359069824,
    1.8888888359069824,
    1.9444444179534912,
    1.8333333730697632,
    1.9722222089767456,
    1.8611111640930176
  ],
  "halted_fraction_by_position": [
    0.1805555522441864,
    0.2361111044883728,
    0.2777777910232544,
    0.2777777910232544,
    0.2916666567325592,
    0.3055555522441864,
    0.3333333432674408,
    0.2638888955116272,
    0.25,
    0.3333333432674408,
    0.3194444477558136,
    0.2916666567325592,
    0.3333333432674408,
    0.3333333432674408,
    0.3055555522441864,
    0.3333333432674408,
    0.2638888955116272,
    0.3055555522441864,
    0.375,
    0.3333333432674408,
    0.25,
    0.3333333432674408,
    0.3194444477558136,
    0.2916666567325592,
    0.3333333432674408,
    0.2777777910232544,
    0.3055555522441864,
    0.2777777910232544,
    0.3194444477558136,
    0.3194444477558136,
    0.25,
    0.2638888955116272,
    0.3333333432674408,
    0.25,
    0.2777777910232544,
    0.3055555522441864,
    0.3055555522441864,
    0.3055555522441864,
    0.2777777910232544,
    0.3194444477558136,
    0.3472222089767456,
    0.3055555522441864,
    0.3055555522441864,
    0.2916666567325592,
    0.3333333432674408,
    0.3333333432674408,
    0.3611111044883728,
    0.3333333432674408,
    0.2916666567325592,
    0.3055555522441864,
    0.3194444477558136,
    0.3194444477558136,
    0.2916666567325592,
    0.3472222089767456,
    0.375,
    0.3333333432674408,
    0.2638888955116272,
    0.3333333432674408,
    0.3055555522441864,
    0.3333333432674408,
    0.3888888955116272,
    0.2777777910232544,
    0.3055555522441864,
    0.3055555522441864,
    0.2777777910232544,
    0.3055555522441864,
    0.3194444477558136,
    0.3888888955116272,
    0.3055555522441864,
    0.3611111044883728,
    0.3333333432674408,
    0.2638888955116272,
    0.3611111044883728,
    0.3472222089767456,
    0.3611111044883728,
    0.3055555522441864,
    0.2916666567325592,
    0.2638888955116272,
    0.3472222089767456,
    0.375,
    0.3055555522441864,
    0.3611111044883728,
    0.2777777910232544,
    0.3888888955116272,
    0.2916666567325592,
    0.2638888955116272,
    0.3333333432674408,
    0.3611111044883728,
    0.4027777910232544,
    0.3333333432674408,
    0.3194444477558136,
    0.3055555522441864,
    0.3055555522441864,
    0.2777777910232544,
    0.3055555522441864,
    0.375,
    0.3611111044883728,
    0.375,
    0.2916666567325592,
    0.3333333432674408,
    0.3611111044883728,
    0.4166666567325592,
    0.3333333432674408,
    0.2777777910232544,
    0.3194444477558136,
    0.3611111044883728,
    0.3194444477558136,
    0.3888888955116272,
    0.4166666567325592,
    0.3194444477558136,
    0.25,
    0.3194444477558136,
    0.3888888955116272,
    0.3333333432674408,
    0.3611111044883728,
    0.3472222089767456,
    0.3333333432674408,
    0.3611111044883728,
    0.3472222089767456,
    0.3611111044883728,
    0.3472222089767456,
    0.3333333432674408,
    0.3333333432674408,
    0.3333333432674408,
    0.3055555522441864,
    0.3611111044883728,
    0.2777777910232544,
    0.3472222089767456
  ]
}

==> python train_wikitext103.py --variant plain --seed 2 --output-json results/200step_confirm/wikitext103_plain_seed2.json --dataset-name wikitext --dataset-config wikitext-103-raw-v1 --tokenizer EleutherAI/gpt-neox-20b --device cuda --dtype float32 --d-model 128 --n-layer 2 --d-state 32 --headdim 32 --expand 2 --block-size 128 --batch-size 2 --eval-batch-size 2 --max-train-steps 200 --max-eval-batches 10 --train-text-samples 100 --val-text-samples 50 --max-train-tokens 8192 --max-val-tokens 4096 --learning-rate 3e-4
[train] step=10 loss=10.9312
[train] step=20 loss=10.7795
[train] step=30 loss=10.3348
[train] step=40 loss=9.4770
[train] step=50 loss=8.7401
[train] step=60 loss=8.2200
[train] step=70 loss=7.5772
[train] step=80 loss=7.2910
[train] step=90 loss=6.4992
[train] step=100 loss=6.3351
[train] step=110 loss=6.2198
[train] step=120 loss=5.8993
[train] step=130 loss=5.7897
[train] step=140 loss=5.6814
[train] step=150 loss=5.6720
[train] step=160 loss=4.6930
[train] step=170 loss=5.3504
[train] step=180 loss=4.8365
[train] step=190 loss=4.8099
[train] step=200 loss=4.9686
{
  "variant": "plain",
  "seed": 2,
  "device": "cuda",
  "dtype": "float32",
  "block_size": 128,
  "batch_size": 2,
  "max_train_steps": 200,
  "parameter_count": 13088160,
  "train_loss": 7.091016545295715,
  "train_ppl": 1201.1281814219385,
  "train_tokens_per_second": 1664.9230761692563,
  "train_step_time_ms": 153.76085758209229,
  "val_loss": 8.492944505479601,
  "val_ppl": 4880.214757091485,
  "eval_tokens_per_second": 70545.90183499003,
  "eval_step_time_ms": 3.4272405836317272
}

==> python train_wikitext103.py --variant always_attention --seed 2 --output-json results/200step_confirm/wikitext103_always_attention_seed2.json --dataset-name wikitext --dataset-config wikitext-103-raw-v1 --tokenizer EleutherAI/gpt-neox-20b --device cuda --dtype float32 --d-model 128 --n-layer 2 --d-state 32 --headdim 32 --expand 2 --block-size 128 --batch-size 2 --eval-batch-size 2 --max-train-steps 200 --max-eval-batches 10 --train-text-samples 100 --val-text-samples 50 --max-train-tokens 8192 --max-val-tokens 4096 --learning-rate 3e-4
[train] step=10 loss=10.8240
[train] step=20 loss=10.3385
[train] step=30 loss=9.8448
[train] step=40 loss=9.2728
[train] step=50 loss=8.5797
[train] step=60 loss=8.3969
[train] step=70 loss=7.5821
[train] step=80 loss=7.4308
[train] step=90 loss=6.8894
[train] step=100 loss=6.9254
[train] step=110 loss=6.9231
[train] step=120 loss=6.3988
[train] step=130 loss=6.8274
[train] step=140 loss=6.5003
[train] step=150 loss=6.6756
[train] step=160 loss=6.1602
[train] step=170 loss=6.5710
[train] step=180 loss=6.4583
[train] step=190 loss=6.3586
[train] step=200 loss=6.5100
{
  "variant": "always_attention",
  "seed": 2,
  "device": "cuda",
  "dtype": "float32",
  "block_size": 128,
  "batch_size": 2,
  "max_train_steps": 200,
  "parameter_count": 13220772,
  "train_loss": 7.6499337530136104,
  "train_ppl": 2100.5064325898165,
  "train_tokens_per_second": 1498.2265662325137,
  "train_step_time_ms": 170.86868286132812,
  "val_loss": 8.718289375305176,
  "val_ppl": 6113.711871421169,
  "eval_tokens_per_second": 24780.765523945025,
  "eval_step_time_ms": 9.756671057807075,
  "num_layers_with_stats": 2.0,
  "mean_attention_trigger_rate": 1.0,
  "mean_active_fraction": 1.0,
  "mean_halted_fraction": 0.0,
  "mean_halt_step": 2.0,
  "mean_executed_steps": 2.0,
  "mean_halt_step_by_position": [
    2.0,
    2.0,
    2.0,
    2.0,
    2.0,
    2.0,
    2.0,
    2.0,
    2.0,
    2.0,
    2.0,
    2.0,
    2.0,
    2.0,
    2.0,
    2.0,
    2.0,
    2.0,
    2.0,
    2.0,
    2.0,
    2.0,
    2.0,
    2.0,
    2.0,
    2.0,
    2.0,
    2.0,
    2.0,
    2.0,
    2.0,
    2.0,
    2.0,
    2.0,
    2.0,
    2.0,
    2.0,
    2.0,
    2.0,
    2.0,
    2.0,
    2.0,
    2.0,
    2.0,
    2.0,
    2.0,
    2.0,
    2.0,
    2.0,
    2.0,
    2.0,
    2.0,
    2.0,
    2.0,
    2.0,
    2.0,
    2.0,
    2.0,
    2.0,
    2.0,
    2.0,
    2.0,
    2.0,
    2.0,
    2.0,
    2.0,
    2.0,
    2.0,
    2.0,
    2.0,
    2.0,
    2.0,
    2.0,
    2.0,
    2.0,
    2.0,
    2.0,
    2.0,
    2.0,
    2.0,
    2.0,
    2.0,
    2.0,
    2.0,
    2.0,
    2.0,
    2.0,
    2.0,
    2.0,
    2.0,
    2.0,
    2.0,
    2.0,
    2.0,
    2.0,
    2.0,
    2.0,
    2.0,
    2.0,
    2.0,
    2.0,
    2.0,
    2.0,
    2.0,
    2.0,
    2.0,
    2.0,
    2.0,
    2.0,
    2.0,
    2.0,
    2.0,
    2.0,
    2.0,
    2.0,
    2.0,
    2.0,
    2.0,
    2.0,
    2.0,
    2.0,
    2.0,
    2.0,
    2.0,
    2.0,
    2.0,
    2.0,
    2.0
  ],
  "halted_fraction_by_position": [
    0.0,
    0.0,
    0.0,
    0.0,
    0.0,
    0.0,
    0.0,
    0.0,
    0.0,
    0.0,
    0.0,
    0.0,
    0.0,
    0.0,
    0.0,
    0.0,
    0.0,
    0.0,
    0.0,
    0.0,
    0.0,
    0.0,
    0.0,
    0.0,
    0.0,
    0.0,
    0.0,
    0.0,
    0.0,
    0.0,
    0.0,
    0.0,
    0.0,
    0.0,
    0.0,
    0.0,
    0.0,
    0.0,
    0.0,
    0.0,
    0.0,
    0.0,
    0.0,
    0.0,
    0.0,
    0.0,
    0.0,
    0.0,
    0.0,
    0.0,
    0.0,
    0.0,
    0.0,
    0.0,
    0.0,
    0.0,
    0.0,
    0.0,
    0.0,
    0.0,
    0.0,
    0.0,
    0.0,
    0.0,
    0.0,
    0.0,
    0.0,
    0.0,
    0.0,
    0.0,
    0.0,
    0.0,
    0.0,
    0.0,
    0.0,
    0.0,
    0.0,
    0.0,
    0.0,
    0.0,
    0.0,
    0.0,
    0.0,
    0.0,
    0.0,
    0.0,
    0.0,
    0.0,
    0.0,
    0.0,
    0.0,
    0.0,
    0.0,
    0.0,
    0.0,
    0.0,
    0.0,
    0.0,
    0.0,
    0.0,
    0.0,
    0.0,
    0.0,
    0.0,
    0.0,
    0.0,
    0.0,
    0.0,
    0.0,
    0.0,
    0.0,
    0.0,
    0.0,
    0.0,
    0.0,
    0.0,
    0.0,
    0.0,
    0.0,
    0.0,
    0.0,
    0.0,
    0.0,
    0.0,
    0.0,
    0.0,
    0.0,
    0.0
  ]
}

==> python train_wikitext103.py --variant halting_only --halt-threshold 0.7 --seed 2 --output-json results/200step_confirm/wikitext103_halting_only_h07_seed2.json --dataset-name wikitext --dataset-config wikitext-103-raw-v1 --tokenizer EleutherAI/gpt-neox-20b --device cuda --dtype float32 --d-model 128 --n-layer 2 --d-state 32 --headdim 32 --expand 2 --block-size 128 --batch-size 2 --eval-batch-size 2 --max-train-steps 200 --max-eval-batches 10 --train-text-samples 100 --val-text-samples 50 --max-train-tokens 8192 --max-val-tokens 4096 --learning-rate 3e-4
[train] step=10 loss=10.9698
[train] step=20 loss=10.9323
[train] step=30 loss=10.5968
[train] step=40 loss=9.9862
[train] step=50 loss=9.2759
[train] step=60 loss=8.9195
[train] step=70 loss=7.9808
[train] step=80 loss=7.7480
[train] step=90 loss=7.1201
[train] step=100 loss=6.9778
[train] step=110 loss=6.9735
[train] step=120 loss=6.5231
[train] step=130 loss=6.7051
[train] step=140 loss=6.4030
[train] step=150 loss=6.5103
[train] step=160 loss=5.8679
[train] step=170 loss=6.2991
[train] step=180 loss=5.9759
[train] step=190 loss=6.0955
[train] step=200 loss=6.1759
{
  "variant": "halting_only",
  "seed": 2,
  "device": "cuda",
  "dtype": "float32",
  "block_size": 128,
  "batch_size": 2,
  "max_train_steps": 200,
  "parameter_count": 13088676,
  "train_loss": 7.767076988220214,
  "train_ppl": 2361.558327134971,
  "train_tokens_per_second": 1283.7610646549797,
  "train_step_time_ms": 199.41405534744263,
  "val_loss": 8.658000840081108,
  "val_ppl": 5756.015956079194,
  "eval_tokens_per_second": 28375.047035743934,
  "eval_step_time_ms": 8.520788616604277,
  "num_layers_with_stats": 2.0,
  "mean_attention_trigger_rate": 0.0,
  "mean_active_fraction": 0.8560112847222222,
  "mean_halted_fraction": 0.1439887152777778,
  "mean_halt_step": 1.8849826388888888,
  "mean_executed_steps": 2.0,
  "mean_halt_step_by_position": [
    1.8333333730697632,
    1.8611111640930176,
    1.9722222089767456,
    1.9722222089767456,
    1.9166666269302368,
    1.9444444179534912,
    1.8888888359069824,
    1.9722222089767456,
    1.8888888359069824,
    1.9722222089767456,
    1.9166666269302368,
    1.9166666269302368,
    1.9444444179534912,
    1.8055555820465088,
    1.9444444179534912,
    1.8888888359069824,
    1.9444444179534912,
    1.8611111640930176,
    1.8333333730697632,
    1.9722222089767456,
    1.8333333730697632,
    1.9166666269302368,
    1.9166666269302368,
    1.9444444179534912,
    1.8333333730697632,
    1.8888888359069824,
    1.9444444179534912,
    1.8888888359069824,
    1.75,
    1.8888888359069824,
    1.9166666269302368,
    1.9444444179534912,
    1.9166666269302368,
    1.8333333730697632,
    1.9166666269302368,
    1.8888888359069824,
    1.9444444179534912,
    1.9166666269302368,
    1.75,
    1.9166666269302368,
    1.9722222089767456,
    1.9444444179534912,
    1.8611111640930176,
    1.9166666269302368,
    1.9166666269302368,
    1.9722222089767456,
    1.8888888359069824,
    1.7777777910232544,
    1.9166666269302368,
    1.8888888359069824,
    1.8888888359069824,
    1.9444444179534912,
    1.8888888359069824,
    1.8333333730697632,
    1.9444444179534912,
    1.8888888359069824,
    1.8611111640930176,
    1.8055555820465088,
    1.8055555820465088,
    1.9166666269302368,
    1.9166666269302368,
    1.8888888359069824,
    1.9166666269302368,
    1.8055555820465088,
    1.8333333730697632,
    2.0,
    1.75,
    1.9444444179534912,
    1.8611111640930176,
    1.8888888359069824,
    1.9166666269302368,
    1.8055555820465088,
    1.9166666269302368,
    1.8055555820465088,
    1.8888888359069824,
    1.8333333730697632,
    1.8611111640930176,
    1.9166666269302368,
    1.9166666269302368,
    1.8888888359069824,
    1.9722222089767456,
    1.8888888359069824,
    1.8888888359069824,
    1.8333333730697632,
    1.9444444179534912,
    1.9166666269302368,
    1.8611111640930176,
    1.8333333730697632,
    1.8333333730697632,
    1.8888888359069824,
    1.8333333730697632,
    1.8333333730697632,
    1.8611111640930176,
    1.8055555820465088,
    1.8888888359069824,
    1.8888888359069824,
    1.9166666269302368,
    1.8888888359069824,
    1.8333333730697632,
    1.9166666269302368,
    1.9166666269302368,
    1.9444444179534912,
    1.9166666269302368,
    1.8055555820465088,
    1.9166666269302368,
    1.8611111640930176,
    1.8055555820465088,
    1.8333333730697632,
    1.8611111640930176,
    1.8333333730697632,
    1.8888888359069824,
    1.8611111640930176,
    1.7777777910232544,
    1.8888888359069824,
    1.8611111640930176,
    1.7777777910232544,
    1.9444444179534912,
    1.8888888359069824,
    1.8888888359069824,
    1.8888888359069824,
    1.8611111640930176,
    1.8333333730697632,
    1.8888888359069824,
    1.8888888359069824,
    1.8888888359069824,
    1.8888888359069824,
    1.9166666269302368,
    1.8333333730697632
  ],
  "halted_fraction_by_position": [
    0.1666666716337204,
    0.1388888955116272,
    0.02777777798473835,
    0.02777777798473835,
    0.0833333358168602,
    0.0555555559694767,
    0.1111111119389534,
    0.02777777798473835,
    0.1111111119389534,
    0.02777777798473835,
    0.0972222238779068,
    0.0833333358168602,
    0.0555555559694767,
    0.1944444477558136,
    0.0555555559694767,
    0.125,
    0.0555555559694767,
    0.1527777761220932,
    0.1666666716337204,
    0.0416666679084301,
    0.2222222238779068,
    0.0833333358168602,
    0.1111111119389534,
    0.0694444477558136,
    0.2222222238779068,
    0.1111111119389534,
    0.0555555559694767,
    0.125,
    0.2777777910232544,
    0.1388888955116272,
    0.1111111119389534,
    0.0972222238779068,
    0.0833333358168602,
    0.2361111044883728,
    0.0972222238779068,
    0.125,
    0.0694444477558136,
    0.0972222238779068,
    0.3055555522441864,
    0.0833333358168602,
    0.02777777798473835,
    0.0555555559694767,
    0.1527777761220932,
    0.0972222238779068,
    0.0833333358168602,
    0.0555555559694767,
    0.125,
    0.25,
    0.1111111119389534,
    0.1111111119389534,
    0.1388888955116272,
    0.0555555559694767,
    0.1666666716337204,
    0.2222222238779068,
    0.0694444477558136,
    0.1527777761220932,
    0.1805555522441864,
    0.2222222238779068,
    0.2222222238779068,
    0.1111111119389534,
    0.1666666716337204,
    0.125,
    0.1111111119389534,
    0.2222222238779068,
    0.1666666716337204,
    0.0,
    0.3055555522441864,
    0.1527777761220932,
    0.1944444477558136,
    0.1666666716337204,
    0.0833333358168602,
    0.1944444477558136,
    0.1111111119389534,
    0.2361111044883728,
    0.125,
    0.2083333283662796,
    0.1944444477558136,
    0.125,
    0.1111111119389534,
    0.1666666716337204,
    0.02777777798473835,
    0.1388888955116272,
    0.125,
    0.2083333283662796,
    0.0694444477558136,
    0.0972222238779068,
    0.1527777761220932,
    0.2083333283662796,
    0.25,
    0.1388888955116272,
    0.2222222238779068,
    0.2083333283662796,
    0.2222222238779068,
    0.2638888955116272,
    0.1666666716337204,
    0.1666666716337204,
    0.0972222238779068,
    0.125,
    0.1944444477558136,
    0.1111111119389534,
    0.1388888955116272,
    0.0972222238779068,
    0.1111111119389534,
    0.25,
    0.1111111119389534,
    0.1666666716337204,
    0.2083333283662796,
    0.2083333283662796,
    0.1805555522441864,
    0.2083333283662796,
    0.1666666716337204,
    0.1527777761220932,
    0.3194444477558136,
    0.1527777761220932,
    0.1805555522441864,
    0.2638888955116272,
    0.0694444477558136,
    0.1527777761220932,
    0.1527777761220932,
    0.125,
    0.1527777761220932,
    0.2222222238779068,
    0.1944444477558136,
    0.1666666716337204,
    0.1666666716337204,
    0.1805555522441864,
    0.125,
    0.3055555522441864
  ]
}

==> python train_wikitext103.py --variant full --halt-threshold 0.7 --router-threshold 0.5 --router-temperature 1.0 --seed 2 --output-json results/200step_confirm/wikitext103_full_h07_seed2.json --dataset-name wikitext --dataset-config wikitext-103-raw-v1 --tokenizer EleutherAI/gpt-neox-20b --device cuda --dtype float32 --d-model 128 --n-layer 2 --d-state 32 --headdim 32 --expand 2 --block-size 128 --batch-size 2 --eval-batch-size 2 --max-train-steps 200 --max-eval-batches 10 --train-text-samples 100 --val-text-samples 50 --max-train-tokens 8192 --max-val-tokens 4096 --learning-rate 3e-4
[train] step=10 loss=10.9090
[train] step=20 loss=10.8439
[train] step=30 loss=10.3055
[train] step=40 loss=9.6911
[train] step=50 loss=8.9026
[train] step=60 loss=8.5826
[train] step=70 loss=7.7386
[train] step=80 loss=7.5369
[train] step=90 loss=6.9707
[train] step=100 loss=6.8995
[train] step=110 loss=6.9492
[train] step=120 loss=6.3643
[train] step=130 loss=6.7628
[train] step=140 loss=6.4261
[train] step=150 loss=6.4995
[train] step=160 loss=5.8502
[train] step=170 loss=6.3482
[train] step=180 loss=6.0290
[train] step=190 loss=5.8252
[train] step=200 loss=5.9258
{
  "variant": "full",
  "seed": 2,
  "device": "cuda",
  "dtype": "float32",
  "block_size": 128,
  "batch_size": 2,
  "max_train_steps": 200,
  "parameter_count": 13220772,
  "train_loss": 7.656967966556549,
  "train_ppl": 2115.3339321451895,
  "train_tokens_per_second": 1539.3176644200726,
  "train_step_time_ms": 166.307452917099,
  "val_loss": 8.592377874586317,
  "val_ppl": 5390.416181649476,
  "eval_tokens_per_second": 28121.502466499667,
  "eval_step_time_ms": 8.597612380981445,
  "num_layers_with_stats": 2.0,
  "mean_attention_trigger_rate": 0.3333333333333333,
  "mean_active_fraction": 0.9532335069444444,
  "mean_halted_fraction": 0.04676649305555555,
  "mean_halt_step": 1.9559461805555556,
  "mean_executed_steps": 2.0,
  "mean_halt_step_by_position": [
    1.9444444179534912,
    2.0,
    1.8888888359069824,
    2.0,
    1.9444444179534912,
    1.8888888359069824,
    1.9444444179534912,
    2.0,
    1.9722222089767456,
    2.0,
    2.0,
    1.9444444179534912,
    1.8611111640930176,
    1.9444444179534912,
    1.9166666269302368,
    1.9722222089767456,
    1.9444444179534912,
    1.9166666269302368,
    1.9166666269302368,
    2.0,
    2.0,
    2.0,
    1.9166666269302368,
    1.9166666269302368,
    1.9166666269302368,
    1.9722222089767456,
    1.9722222089767456,
    1.9722222089767456,
    1.9444444179534912,
    1.9722222089767456,
    1.9444444179534912,
    1.9722222089767456,
    1.9444444179534912,
    1.9444444179534912,
    1.9722222089767456,
    2.0,
    1.9722222089767456,
    2.0,
    1.9722222089767456,
    1.9444444179534912,
    1.9444444179534912,
    2.0,
    1.9166666269302368,
    2.0,
    1.8888888359069824,
    1.8888888359069824,
    1.9722222089767456,
    1.8888888359069824,
    1.9444444179534912,
    1.9166666269302368,
    1.8888888359069824,
    1.9722222089767456,
    1.9444444179534912,
    1.9722222089767456,
    1.9722222089767456,
    1.9444444179534912,
    1.9444444179534912,
    2.0,
    2.0,
    1.8888888359069824,
    1.9722222089767456,
    1.9444444179534912,
    1.9722222089767456,
    1.9722222089767456,
    2.0,
    2.0,
    1.9722222089767456,
    1.9444444179534912,
    1.9722222089767456,
    1.9166666269302368,
    2.0,
    1.9444444179534912,
    2.0,
    1.9444444179534912,
    1.9444444179534912,
    1.9722222089767456,
    1.9722222089767456,
    1.9722222089767456,
    1.9166666269302368,
    1.9166666269302368,
    1.9722222089767456,
    1.9444444179534912,
    2.0,
    1.9166666269302368,
    1.9166666269302368,
    2.0,
    1.9166666269302368,
    1.9444444179534912,
    1.9166666269302368,
    1.9722222089767456,
    1.9444444179534912,
    2.0,
    1.9722222089767456,
    1.9722222089767456,
    1.9722222089767456,
    1.9444444179534912,
    1.9444444179534912,
    2.0,
    1.9166666269302368,
    2.0,
    2.0,
    1.9722222089767456,
    1.8888888359069824,
    1.9444444179534912,
    1.9722222089767456,
    1.9444444179534912,
    1.9722222089767456,
    1.9722222089767456,
    1.9722222089767456,
    2.0,
    1.9444444179534912,
    1.9722222089767456,
    1.9166666269302368,
    2.0,
    2.0,
    2.0,
    1.9722222089767456,
    1.9722222089767456,
    1.8888888359069824,
    2.0,
    2.0,
    1.9722222089767456,
    1.7777777910232544,
    1.9722222089767456,
    2.0,
    1.8611111640930176,
    2.0,
    1.9166666269302368
  ],
  "halted_fraction_by_position": [
    0.0555555559694767,
    0.0,
    0.1111111119389534,
    0.0,
    0.0555555559694767,
    0.1111111119389534,
    0.0555555559694767,
    0.0,
    0.02777777798473835,
    0.0,
    0.0,
    0.0555555559694767,
    0.1388888955116272,
    0.0555555559694767,
    0.0833333358168602,
    0.02777777798473835,
    0.0555555559694767,
    0.0833333358168602,
    0.0833333358168602,
    0.0,
    0.0,
    0.0,
    0.0833333358168602,
    0.0833333358168602,
    0.0833333358168602,
    0.02777777798473835,
    0.02777777798473835,
    0.02777777798473835,
    0.0555555559694767,
    0.02777777798473835,
    0.0555555559694767,
    0.02777777798473835,
    0.0555555559694767,
    0.0555555559694767,
    0.02777777798473835,
    0.0,
    0.02777777798473835,
    0.0,
    0.02777777798473835,
    0.0555555559694767,
    0.0555555559694767,
    0.0,
    0.0833333358168602,
    0.0,
    0.125,
    0.1111111119389534,
    0.02777777798473835,
    0.1111111119389534,
    0.0555555559694767,
    0.0972222238779068,
    0.1111111119389534,
    0.02777777798473835,
    0.0555555559694767,
    0.02777777798473835,
    0.02777777798473835,
    0.0555555559694767,
    0.0555555559694767,
    0.0,
    0.0,
    0.1111111119389534,
    0.0416666679084301,
    0.0694444477558136,
    0.02777777798473835,
    0.02777777798473835,
    0.0,
    0.0,
    0.02777777798473835,
    0.0555555559694767,
    0.0416666679084301,
    0.0833333358168602,
    0.0,
    0.0555555559694767,
    0.0,
    0.0833333358168602,
    0.0555555559694767,
    0.02777777798473835,
    0.02777777798473835,
    0.02777777798473835,
    0.0972222238779068,
    0.0833333358168602,
    0.02777777798473835,
    0.0555555559694767,
    0.0,
    0.1111111119389534,
    0.0833333358168602,
    0.0,
    0.0833333358168602,
    0.0694444477558136,
    0.0833333358168602,
    0.02777777798473835,
    0.0694444477558136,
    0.013888888992369175,
    0.02777777798473835,
    0.02777777798473835,
    0.02777777798473835,
    0.0555555559694767,
    0.0555555559694767,
    0.0,
    0.0833333358168602,
    0.0,
    0.0,
    0.02777777798473835,
    0.1111111119389534,
    0.0555555559694767,
    0.0416666679084301,
    0.0555555559694767,
    0.0416666679084301,
    0.02777777798473835,
    0.02777777798473835,
    0.013888888992369175,
    0.0555555559694767,
    0.02777777798473835,
    0.1111111119389534,
    0.0,
    0.0,
    0.0,
    0.02777777798473835,
    0.02777777798473835,
    0.1111111119389534,
    0.0,
    0.0,
    0.02777777798473835,
    0.2222222238779068,
    0.0416666679084301,
    0.02777777798473835,
    0.1666666716337204,
    0.013888888992369175,
    0.0972222238779068
  ]
}
