$ .venv/bin/python benchmarks/benchmark_generation_mamba_simple.py --prototype --batch 1 --promptlen 16 --d-model 128 --n-layer 2 --d-state 32 --headdim 32 --repeats 20 --dtype float16 --variant full --seed 2 --halt-threshold 0.9 --router-threshold 0.5 --output-json results/fullb_experiments/sweep_fullB_b1_p16_seed2_h0p9_r0p5.json
Running local Mamba3 full-sequence benchmark (full)
Number of parameters: 617892
Input shape: (1, 16)
Logits shape: (1, 16, 1024)
Average forward time: 10ms
Benchmark tokens/sec: 1617.43
Peak GPU memory allocated: 11.32 MiB
Prototype stats:
  num_layers_with_stats: 2
  mean_executed_steps: 2.0
  mean_attention_trigger_rate: 0.25
  mean_active_fraction: 1.0
  mean_halted_fraction: 0.0
  mean_halt_step: 2.0
  router_probs_first_layer: [0.499267578125, 0.499755859375]
  active_fractions_first_layer: [1.0, 1.0]
  halted_fractions_first_layer: [0.0, 0.0]
Output drift vs plain Mamba3:
  logit_l2_vs_plain_mamba3: 103.55896759033203
  logit_mae_vs_plain_mamba3: 0.6458229422569275
Wrote results/fullb_experiments/sweep_fullB_b1_p16_seed2_h0p9_r0p5.json
