$ .venv/bin/python benchmarks/benchmark_generation_mamba_simple.py --prototype --batch 1 --promptlen 16 --d-model 128 --n-layer 2 --d-state 32 --headdim 32 --repeats 20 --dtype float16 --variant full --seed 1 --halt-threshold 0.5 --router-threshold 0.5 --output-json results/fullb_experiments/sweep_fullB_b1_p16_seed1_h0p5_r0p5.json
Running local Mamba3 full-sequence benchmark (full)
Number of parameters: 617892
Input shape: (1, 16)
Logits shape: (1, 16, 1024)
Average forward time: 10ms
Benchmark tokens/sec: 1649.88
Peak GPU memory allocated: 11.41 MiB
Prototype stats:
  num_layers_with_stats: 2
  mean_executed_steps: 2.0
  mean_attention_trigger_rate: 0.75
  mean_active_fraction: 0.390625
  mean_halted_fraction: 0.609375
  mean_halt_step: 1.5625
  router_probs_first_layer: [0.50244140625, 0.496337890625]
  active_fractions_first_layer: [0.5, 0.125]
  halted_fractions_first_layer: [0.5, 0.875]
Output drift vs plain Mamba3:
  logit_l2_vs_plain_mamba3: 104.70405578613281
  logit_mae_vs_plain_mamba3: 0.6537789106369019
Wrote results/fullb_experiments/sweep_fullB_b1_p16_seed1_h0p5_r0p5.json
