$ .venv/bin/python benchmarks/benchmark_generation_mamba_simple.py --prototype --batch 1 --promptlen 16 --d-model 128 --n-layer 2 --d-state 32 --headdim 32 --repeats 20 --dtype float16 --variant full --seed 2 --halt-threshold 0.5 --router-threshold 0.7 --output-json results/fullb_experiments/sweep_fullB_b1_p16_seed2_h0p5_r0p7.json
Running local Mamba3 full-sequence benchmark (full)
Number of parameters: 617892
Input shape: (1, 16)
Logits shape: (1, 16, 1024)
Average forward time: 9ms
Benchmark tokens/sec: 1694.75
Peak GPU memory allocated: 10.28 MiB
Prototype stats:
  num_layers_with_stats: 2
  mean_executed_steps: 2.0
  mean_attention_trigger_rate: 0.0
  mean_active_fraction: 0.15625
  mean_halted_fraction: 0.84375
  mean_halt_step: 1.28125
  router_probs_first_layer: [0.498046875, 0.5]
  active_fractions_first_layer: [0.25, 0.0]
  halted_fractions_first_layer: [0.75, 1.0]
Output drift vs plain Mamba3:
  logit_l2_vs_plain_mamba3: 103.93436431884766
  logit_mae_vs_plain_mamba3: 0.6474498510360718
Wrote results/fullb_experiments/sweep_fullB_b1_p16_seed2_h0p5_r0p7.json
